{"/Users/22060947/Documents/Private/App/surplus_expo/my-app/src/Assets/index.js": {"path":"/Users/22060947/Documents/Private/App/surplus_expo/my-app/src/Assets/index.js","statementMap":{"0":{"start":{"line":3,"column":28},"end":{"line":3,"column":35}}},"fnMap":{},"branchMap":{},"s":{"0":13},"f":{},"b":{},"_coverageSchema":"1a1c01bbd47fc00a2c39e90264f33305004495a9","hash":"466a00f8ecefe10d89caba5d8982219f2e35854e"}
,"/Users/22060947/Documents/Private/App/surplus_expo/my-app/src/Components/BottomSheetComponent/BottomSheetComponent.jsx": {"path":"/Users/22060947/Documents/Private/App/surplus_expo/my-app/src/Components/BottomSheetComponent/BottomSheetComponent.jsx","statementMap":{"0":{"start":{"line":6,"column":29},"end":{"line":25,"column":1}},"1":{"start":{"line":7,"column":24},"end":{"line":7,"column":32}},"2":{"start":{"line":9,"column":1},"end":{"line":13,"column":12}},"3":{"start":{"line":10,"column":2},"end":{"line":12,"column":3}},"4":{"start":{"line":11,"column":3},"end":{"line":11,"column":33}},"5":{"start":{"line":15,"column":1},"end":{"line":24,"column":3}},"6":{"start":{"line":27,"column":0},"end":{"line":30,"column":2}}},"fnMap":{"0":{"name":"(anonymous_0)","decl":{"start":{"line":6,"column":29},"end":{"line":6,"column":30}},"loc":{"start":{"line":6,"column":53},"end":{"line":25,"column":1}},"line":6},"1":{"name":"(anonymous_1)","decl":{"start":{"line":9,"column":11},"end":{"line":9,"column":12}},"loc":{"start":{"line":9,"column":17},"end":{"line":13,"column":2}},"line":9}},"branchMap":{"0":{"loc":{"start":{"line":10,"column":2},"end":{"line":12,"column":3}},"type":"if","locations":[{"start":{"line":10,"column":2},"end":{"line":12,"column":3}},{"start":{},"end":{}}],"line":10}},"s":{"0":3,"1":9,"2":9,"3":9,"4":4,"5":9,"6":3},"f":{"0":9,"1":9},"b":{"0":[4,5]},"_coverageSchema":"1a1c01bbd47fc00a2c39e90264f33305004495a9","hash":"7f957f7402463fb02474e95928223be25f75e940"}
,"/Users/22060947/Documents/Private/App/surplus_expo/my-app/src/Components/ButtonComponent/ButtonComponent.Style.js": {"path":"/Users/22060947/Documents/Private/App/surplus_expo/my-app/src/Components/ButtonComponent/ButtonComponent.Style.js","statementMap":{"0":{"start":{"line":4,"column":15},"end":{"line":19,"column":2}},"1":{"start":{"line":7,"column":25},"end":{"line":7,"column":42}}},"fnMap":{"0":{"name":"(anonymous_0)","decl":{"start":{"line":7,"column":11},"end":{"line":7,"column":12}},"loc":{"start":{"line":7,"column":25},"end":{"line":7,"column":42}},"line":7}},"branchMap":{"0":{"loc":{"start":{"line":7,"column":25},"end":{"line":7,"column":42}},"type":"cond-expr","locations":[{"start":{"line":7,"column":35},"end":{"line":7,"column":38}},{"start":{"line":7,"column":41},"end":{"line":7,"column":42}}],"line":7}},"s":{"0":3,"1":0},"f":{"0":0},"b":{"0":[0,0]},"_coverageSchema":"1a1c01bbd47fc00a2c39e90264f33305004495a9","hash":"4271a29cf21a338f348995d9b827eb805738827a"}
,"/Users/22060947/Documents/Private/App/surplus_expo/my-app/src/Components/ButtonComponent/ButtonComponent.jsx": {"path":"/Users/22060947/Documents/Private/App/surplus_expo/my-app/src/Components/ButtonComponent/ButtonComponent.jsx","statementMap":{"0":{"start":{"line":6,"column":33},"end":{"line":8,"column":1}},"1":{"start":{"line":10,"column":24},"end":{"line":49,"column":1}},"2":{"start":{"line":11,"column":22},"end":{"line":11,"column":53}},"3":{"start":{"line":13,"column":21},"end":{"line":30,"column":2}},"4":{"start":{"line":14,"column":2},"end":{"line":29,"column":5}},"5":{"start":{"line":26,"column":3},"end":{"line":28,"column":4}},"6":{"start":{"line":27,"column":4},"end":{"line":27,"column":14}},"7":{"start":{"line":32,"column":21},"end":{"line":34,"column":2}},"8":{"start":{"line":36,"column":1},"end":{"line":48,"column":3}},"9":{"start":{"line":53,"column":0},"end":{"line":57,"column":2}}},"fnMap":{"0":{"name":"(anonymous_0)","decl":{"start":{"line":10,"column":24},"end":{"line":10,"column":25}},"loc":{"start":{"line":10,"column":57},"end":{"line":49,"column":1}},"line":10},"1":{"name":"(anonymous_1)","decl":{"start":{"line":13,"column":21},"end":{"line":13,"column":22}},"loc":{"start":{"line":13,"column":27},"end":{"line":30,"column":2}},"line":13},"2":{"name":"(anonymous_2)","decl":{"start":{"line":25,"column":11},"end":{"line":25,"column":12}},"loc":{"start":{"line":25,"column":17},"end":{"line":29,"column":3}},"line":25}},"branchMap":{"0":{"loc":{"start":{"line":26,"column":3},"end":{"line":28,"column":4}},"type":"if","locations":[{"start":{"line":26,"column":3},"end":{"line":28,"column":4}},{"start":{},"end":{}}],"line":26}},"s":{"0":3,"1":3,"2":14,"3":14,"4":1,"5":1,"6":1,"7":14,"8":14,"9":3},"f":{"0":14,"1":1,"2":1},"b":{"0":[1,0]},"_coverageSchema":"1a1c01bbd47fc00a2c39e90264f33305004495a9","hash":"510fcff51854ed299c20f951a397979f7d3e33f0"}
,"/Users/22060947/Documents/Private/App/surplus_expo/my-app/src/Components/DropDownComponent/DropDownComponent.jsx": {"path":"/Users/22060947/Documents/Private/App/surplus_expo/my-app/src/Components/DropDownComponent/DropDownComponent.jsx","statementMap":{"0":{"start":{"line":11,"column":18},"end":{"line":11,"column":64}},"1":{"start":{"line":13,"column":26},"end":{"line":119,"column":1}},"2":{"start":{"line":21,"column":27},"end":{"line":21,"column":41}},"3":{"start":{"line":22,"column":31},"end":{"line":22,"column":46}},"4":{"start":{"line":24,"column":1},"end":{"line":26,"column":13}},"5":{"start":{"line":25,"column":2},"end":{"line":25,"column":21}},"6":{"start":{"line":28,"column":21},"end":{"line":37,"column":2}},"7":{"start":{"line":29,"column":2},"end":{"line":35,"column":3}},"8":{"start":{"line":30,"column":3},"end":{"line":34,"column":5}},"9":{"start":{"line":36,"column":2},"end":{"line":36,"column":14}},"10":{"start":{"line":39,"column":16},"end":{"line":83,"column":3}},"11":{"start":{"line":85,"column":1},"end":{"line":118,"column":3}},"12":{"start":{"line":102,"column":19},"end":{"line":102,"column":35}},"13":{"start":{"line":103,"column":18},"end":{"line":103,"column":35}},"14":{"start":{"line":105,"column":5},"end":{"line":105,"column":27}},"15":{"start":{"line":106,"column":5},"end":{"line":106,"column":23}},"16":{"start":{"line":109,"column":5},"end":{"line":114,"column":7}},"17":{"start":{"line":123,"column":0},"end":{"line":130,"column":2}},"18":{"start":{"line":136,"column":31},"end":{"line":199,"column":1}},"19":{"start":{"line":137,"column":31},"end":{"line":137,"column":43}},"20":{"start":{"line":139,"column":1},"end":{"line":141,"column":15}},"21":{"start":{"line":140,"column":2},"end":{"line":140,"column":23}},"22":{"start":{"line":143,"column":16},"end":{"line":175,"column":3}},"23":{"start":{"line":177,"column":1},"end":{"line":198,"column":3}},"24":{"start":{"line":195,"column":4},"end":{"line":195,"column":25}},"25":{"start":{"line":201,"column":0},"end":{"line":204,"column":2}}},"fnMap":{"0":{"name":"(anonymous_0)","decl":{"start":{"line":13,"column":26},"end":{"line":13,"column":27}},"loc":{"start":{"line":20,"column":6},"end":{"line":119,"column":1}},"line":20},"1":{"name":"(anonymous_1)","decl":{"start":{"line":24,"column":11},"end":{"line":24,"column":12}},"loc":{"start":{"line":24,"column":17},"end":{"line":26,"column":2}},"line":24},"2":{"name":"(anonymous_2)","decl":{"start":{"line":28,"column":21},"end":{"line":28,"column":22}},"loc":{"start":{"line":28,"column":27},"end":{"line":37,"column":2}},"line":28},"3":{"name":"(anonymous_3)","decl":{"start":{"line":102,"column":13},"end":{"line":102,"column":14}},"loc":{"start":{"line":102,"column":19},"end":{"line":102,"column":35}},"line":102},"4":{"name":"(anonymous_4)","decl":{"start":{"line":103,"column":12},"end":{"line":103,"column":13}},"loc":{"start":{"line":103,"column":18},"end":{"line":103,"column":35}},"line":103},"5":{"name":"(anonymous_5)","decl":{"start":{"line":104,"column":14},"end":{"line":104,"column":15}},"loc":{"start":{"line":104,"column":24},"end":{"line":107,"column":5}},"line":104},"6":{"name":"(anonymous_6)","decl":{"start":{"line":108,"column":20},"end":{"line":108,"column":21}},"loc":{"start":{"line":109,"column":5},"end":{"line":114,"column":7}},"line":109},"7":{"name":"(anonymous_7)","decl":{"start":{"line":136,"column":31},"end":{"line":136,"column":32}},"loc":{"start":{"line":136,"column":65},"end":{"line":199,"column":1}},"line":136},"8":{"name":"(anonymous_8)","decl":{"start":{"line":139,"column":11},"end":{"line":139,"column":12}},"loc":{"start":{"line":139,"column":17},"end":{"line":141,"column":2}},"line":139},"9":{"name":"(anonymous_9)","decl":{"start":{"line":194,"column":13},"end":{"line":194,"column":14}},"loc":{"start":{"line":194,"column":20},"end":{"line":196,"column":4}},"line":194}},"branchMap":{"0":{"loc":{"start":{"line":29,"column":2},"end":{"line":35,"column":3}},"type":"if","locations":[{"start":{"line":29,"column":2},"end":{"line":35,"column":3}},{"start":{},"end":{}}],"line":29},"1":{"loc":{"start":{"line":29,"column":6},"end":{"line":29,"column":22}},"type":"binary-expr","locations":[{"start":{"line":29,"column":6},"end":{"line":29,"column":11}},{"start":{"line":29,"column":15},"end":{"line":29,"column":22}}],"line":29},"2":{"loc":{"start":{"line":31,"column":32},"end":{"line":31,"column":60}},"type":"binary-expr","locations":[{"start":{"line":31,"column":32},"end":{"line":31,"column":39}},{"start":{"line":31,"column":43},"end":{"line":31,"column":60}}],"line":31},"3":{"loc":{"start":{"line":32,"column":6},"end":{"line":32,"column":31}},"type":"binary-expr","locations":[{"start":{"line":32,"column":6},"end":{"line":32,"column":11}},{"start":{"line":32,"column":15},"end":{"line":32,"column":31}}],"line":32},"4":{"loc":{"start":{"line":46,"column":20},"end":{"line":46,"column":48}},"type":"binary-expr","locations":[{"start":{"line":46,"column":20},"end":{"line":46,"column":35}},{"start":{"line":46,"column":39},"end":{"line":46,"column":48}}],"line":46},"5":{"loc":{"start":{"line":47,"column":10},"end":{"line":47,"column":34}},"type":"binary-expr","locations":[{"start":{"line":47,"column":10},"end":{"line":47,"column":15}},{"start":{"line":47,"column":19},"end":{"line":47,"column":34}}],"line":47},"6":{"loc":{"start":{"line":48,"column":16},"end":{"line":48,"column":56}},"type":"binary-expr","locations":[{"start":{"line":48,"column":16},"end":{"line":48,"column":49}},{"start":{"line":48,"column":53},"end":{"line":48,"column":56}}],"line":48},"7":{"loc":{"start":{"line":49,"column":16},"end":{"line":49,"column":62}},"type":"binary-expr","locations":[{"start":{"line":49,"column":16},"end":{"line":49,"column":49}},{"start":{"line":49,"column":53},"end":{"line":49,"column":62}}],"line":49},"8":{"loc":{"start":{"line":68,"column":10},"end":{"line":68,"column":32}},"type":"binary-expr","locations":[{"start":{"line":68,"column":10},"end":{"line":68,"column":19}},{"start":{"line":68,"column":23},"end":{"line":68,"column":32}}],"line":68},"9":{"loc":{"start":{"line":72,"column":10},"end":{"line":72,"column":32}},"type":"binary-expr","locations":[{"start":{"line":72,"column":10},"end":{"line":72,"column":19}},{"start":{"line":72,"column":23},"end":{"line":72,"column":32}}],"line":72},"10":{"loc":{"start":{"line":89,"column":29},"end":{"line":89,"column":63}},"type":"binary-expr","locations":[{"start":{"line":89,"column":29},"end":{"line":89,"column":36}},{"start":{"line":89,"column":40},"end":{"line":89,"column":63}}],"line":89},"11":{"loc":{"start":{"line":99,"column":17},"end":{"line":99,"column":49}},"type":"cond-expr","locations":[{"start":{"line":99,"column":28},"end":{"line":99,"column":41}},{"start":{"line":99,"column":44},"end":{"line":99,"column":49}}],"line":99},"12":{"loc":{"start":{"line":111,"column":13},"end":{"line":111,"column":39}},"type":"cond-expr","locations":[{"start":{"line":111,"column":23},"end":{"line":111,"column":29}},{"start":{"line":111,"column":32},"end":{"line":111,"column":39}}],"line":111}},"s":{"0":4,"1":4,"2":2,"3":2,"4":2,"5":2,"6":2,"7":2,"8":0,"9":2,"10":2,"11":2,"12":0,"13":0,"14":0,"15":0,"16":4,"17":4,"18":4,"19":2,"20":2,"21":2,"22":2,"23":2,"24":0,"25":4},"f":{"0":2,"1":2,"2":2,"3":0,"4":0,"5":0,"6":4,"7":2,"8":2,"9":0},"b":{"0":[0,2],"1":[2,2],"2":[0,0],"3":[0,0],"4":[2,0],"5":[2,2],"6":[2,2],"7":[2,2],"8":[2,2],"9":[2,2],"10":[2,0],"11":[2,0],"12":[0,4]},"_coverageSchema":"1a1c01bbd47fc00a2c39e90264f33305004495a9","hash":"2679456f983610bae526701cf34022e2591a0226"}
,"/Users/22060947/Documents/Private/App/surplus_expo/my-app/src/Components/FilterComponent/FilterComponent.Style.js": {"path":"/Users/22060947/Documents/Private/App/surplus_expo/my-app/src/Components/FilterComponent/FilterComponent.Style.js","statementMap":{"0":{"start":{"line":4,"column":15},"end":{"line":14,"column":2}}},"fnMap":{},"branchMap":{},"s":{"0":4},"f":{},"b":{},"_coverageSchema":"1a1c01bbd47fc00a2c39e90264f33305004495a9","hash":"67a10c735a0d28d55d7eb8a0b6862ea9cab363a6"}
,"/Users/22060947/Documents/Private/App/surplus_expo/my-app/src/Components/FilterComponent/FilterComponent.jsx": {"path":"/Users/22060947/Documents/Private/App/surplus_expo/my-app/src/Components/FilterComponent/FilterComponent.jsx","statementMap":{"0":{"start":{"line":10,"column":26},"end":{"line":28,"column":1}},"1":{"start":{"line":11,"column":1},"end":{"line":27,"column":19}},"2":{"start":{"line":18,"column":23},"end":{"line":18,"column":38}},"3":{"start":{"line":24,"column":23},"end":{"line":24,"column":39}},"4":{"start":{"line":32,"column":0},"end":{"line":35,"column":2}}},"fnMap":{"0":{"name":"(anonymous_0)","decl":{"start":{"line":10,"column":26},"end":{"line":10,"column":27}},"loc":{"start":{"line":11,"column":1},"end":{"line":27,"column":19}},"line":11},"1":{"name":"(anonymous_1)","decl":{"start":{"line":18,"column":16},"end":{"line":18,"column":17}},"loc":{"start":{"line":18,"column":23},"end":{"line":18,"column":38}},"line":18},"2":{"name":"(anonymous_2)","decl":{"start":{"line":24,"column":16},"end":{"line":24,"column":17}},"loc":{"start":{"line":24,"column":23},"end":{"line":24,"column":39}},"line":24}},"branchMap":{},"s":{"0":4,"1":2,"2":2,"3":2,"4":4},"f":{"0":2,"1":2,"2":2},"b":{},"_coverageSchema":"1a1c01bbd47fc00a2c39e90264f33305004495a9","hash":"5627e1f4632d81d3de1acdf59b6187e3fc1823a4"}
,"/Users/22060947/Documents/Private/App/surplus_expo/my-app/src/Components/FilterComponent/FilterConfig.js": {"path":"/Users/22060947/Documents/Private/App/surplus_expo/my-app/src/Components/FilterComponent/FilterConfig.js","statementMap":{"0":{"start":{"line":1,"column":21},"end":{"line":42,"column":1}},"1":{"start":{"line":43,"column":20},"end":{"line":47,"column":1}}},"fnMap":{},"branchMap":{},"s":{"0":4,"1":4},"f":{},"b":{},"_coverageSchema":"1a1c01bbd47fc00a2c39e90264f33305004495a9","hash":"d71a385f7b0eecb329f08c803219da67446a250b"}
,"/Users/22060947/Documents/Private/App/surplus_expo/my-app/src/Components/InputText/InputText.Style.js": {"path":"/Users/22060947/Documents/Private/App/surplus_expo/my-app/src/Components/InputText/InputText.Style.js","statementMap":{"0":{"start":{"line":4,"column":15},"end":{"line":24,"column":2}}},"fnMap":{},"branchMap":{},"s":{"0":3},"f":{},"b":{},"_coverageSchema":"1a1c01bbd47fc00a2c39e90264f33305004495a9","hash":"7d7b4298dee3a18a0f3dbc592c7174c66ca03c72"}
,"/Users/22060947/Documents/Private/App/surplus_expo/my-app/src/Components/InputText/InputText.jsx": {"path":"/Users/22060947/Documents/Private/App/surplus_expo/my-app/src/Components/InputText/InputText.jsx","statementMap":{"0":{"start":{"line":6,"column":26},"end":{"line":6,"column":69}},"1":{"start":{"line":8,"column":31},"end":{"line":56,"column":1}},"2":{"start":{"line":16,"column":35},"end":{"line":16,"column":50}},"3":{"start":{"line":17,"column":27},"end":{"line":17,"column":39}},"4":{"start":{"line":18,"column":20},"end":{"line":18,"column":39}},"5":{"start":{"line":20,"column":21},"end":{"line":23,"column":2}},"6":{"start":{"line":21,"column":2},"end":{"line":21,"column":21}},"7":{"start":{"line":22,"column":2},"end":{"line":22,"column":15}},"8":{"start":{"line":25,"column":20},"end":{"line":31,"column":2}},"9":{"start":{"line":26,"column":2},"end":{"line":26,"column":22}},"10":{"start":{"line":27,"column":19},"end":{"line":27,"column":49}},"11":{"start":{"line":28,"column":2},"end":{"line":30,"column":4}},"12":{"start":{"line":33,"column":1},"end":{"line":55,"column":3}},"13":{"start":{"line":51,"column":19},"end":{"line":51,"column":49}},"14":{"start":{"line":58,"column":0},"end":{"line":65,"column":2}}},"fnMap":{"0":{"name":"(anonymous_0)","decl":{"start":{"line":8,"column":31},"end":{"line":8,"column":32}},"loc":{"start":{"line":15,"column":6},"end":{"line":56,"column":1}},"line":15},"1":{"name":"(anonymous_1)","decl":{"start":{"line":20,"column":21},"end":{"line":20,"column":22}},"loc":{"start":{"line":20,"column":27},"end":{"line":23,"column":2}},"line":20},"2":{"name":"(anonymous_2)","decl":{"start":{"line":25,"column":20},"end":{"line":25,"column":21}},"loc":{"start":{"line":25,"column":30},"end":{"line":31,"column":2}},"line":25},"3":{"name":"(anonymous_3)","decl":{"start":{"line":51,"column":12},"end":{"line":51,"column":13}},"loc":{"start":{"line":51,"column":19},"end":{"line":51,"column":49}},"line":51}},"branchMap":{"0":{"loc":{"start":{"line":14,"column":1},"end":{"line":14,"column":17}},"type":"default-arg","locations":[{"start":{"line":14,"column":15},"end":{"line":14,"column":17}}],"line":14},"1":{"loc":{"start":{"line":18,"column":20},"end":{"line":18,"column":39}},"type":"cond-expr","locations":[{"start":{"line":18,"column":32},"end":{"line":18,"column":35}},{"start":{"line":18,"column":38},"end":{"line":18,"column":39}}],"line":18},"2":{"loc":{"start":{"line":27,"column":19},"end":{"line":27,"column":49}},"type":"binary-expr","locations":[{"start":{"line":27,"column":19},"end":{"line":27,"column":35}},{"start":{"line":27,"column":39},"end":{"line":27,"column":49}}],"line":27},"3":{"loc":{"start":{"line":29,"column":3},"end":{"line":29,"column":77}},"type":"cond-expr","locations":[{"start":{"line":29,"column":14},"end":{"line":29,"column":72}},{"start":{"line":29,"column":75},"end":{"line":29,"column":77}}],"line":29},"4":{"loc":{"start":{"line":29,"column":14},"end":{"line":29,"column":72}},"type":"binary-expr","locations":[{"start":{"line":29,"column":14},"end":{"line":29,"column":24}},{"start":{"line":29,"column":28},"end":{"line":29,"column":72}}],"line":29},"5":{"loc":{"start":{"line":47,"column":19},"end":{"line":47,"column":41}},"type":"cond-expr","locations":[{"start":{"line":47,"column":27},"end":{"line":47,"column":32}},{"start":{"line":47,"column":35},"end":{"line":47,"column":41}}],"line":47},"6":{"loc":{"start":{"line":53,"column":4},"end":{"line":53,"column":64}},"type":"cond-expr","locations":[{"start":{"line":53,"column":12},"end":{"line":53,"column":57}},{"start":{"line":53,"column":60},"end":{"line":53,"column":64}}],"line":53}},"s":{"0":3,"1":3,"2":19,"3":19,"4":19,"5":19,"6":0,"7":0,"8":19,"9":0,"10":0,"11":0,"12":19,"13":0,"14":3},"f":{"0":19,"1":0,"2":0,"3":0},"b":{"0":[19],"1":[0,19],"2":[0,0],"3":[0,0],"4":[0,0],"5":[0,19],"6":[0,19]},"_coverageSchema":"1a1c01bbd47fc00a2c39e90264f33305004495a9","hash":"b515188b5f34c3eb11c43decc02bbac7d49f595e"}
,"/Users/22060947/Documents/Private/App/surplus_expo/my-app/src/Components/SearchComponent/SearchComponent.jsx": {"path":"/Users/22060947/Documents/Private/App/surplus_expo/my-app/src/Components/SearchComponent/SearchComponent.jsx","statementMap":{"0":{"start":{"line":9,"column":22},"end":{"line":20,"column":1}},"1":{"start":{"line":10,"column":1},"end":{"line":19,"column":20}},"2":{"start":{"line":22,"column":21},"end":{"line":30,"column":1}},"3":{"start":{"line":23,"column":1},"end":{"line":29,"column":3}},"4":{"start":{"line":33,"column":1},"end":{"line":38,"column":3}},"5":{"start":{"line":43,"column":0},"end":{"line":46,"column":2}}},"fnMap":{"0":{"name":"(anonymous_0)","decl":{"start":{"line":9,"column":22},"end":{"line":9,"column":23}},"loc":{"start":{"line":10,"column":1},"end":{"line":19,"column":20}},"line":10},"1":{"name":"(anonymous_1)","decl":{"start":{"line":22,"column":21},"end":{"line":22,"column":22}},"loc":{"start":{"line":23,"column":1},"end":{"line":29,"column":3}},"line":23},"2":{"name":"SearchComponent","decl":{"start":{"line":32,"column":9},"end":{"line":32,"column":24}},"loc":{"start":{"line":32,"column":48},"end":{"line":39,"column":1}},"line":32}},"branchMap":{},"s":{"0":4,"1":5,"2":4,"3":5,"4":5,"5":4},"f":{"0":5,"1":5,"2":5},"b":{},"_coverageSchema":"1a1c01bbd47fc00a2c39e90264f33305004495a9","hash":"72a288bb20a77af12994e0cb185f55384e9c8e67"}
,"/Users/22060947/Documents/Private/App/surplus_expo/my-app/src/Components/SearchComponent/Styles.js": {"path":"/Users/22060947/Documents/Private/App/surplus_expo/my-app/src/Components/SearchComponent/Styles.js","statementMap":{"0":{"start":{"line":5,"column":15},"end":{"line":33,"column":2}}},"fnMap":{},"branchMap":{},"s":{"0":4},"f":{},"b":{},"_coverageSchema":"1a1c01bbd47fc00a2c39e90264f33305004495a9","hash":"225a777d9e464c2a8c5f7996204dfb9b0ba963b6"}
,"/Users/22060947/Documents/Private/App/surplus_expo/my-app/src/Components/TextComponent/TextComponent.jsx": {"path":"/Users/22060947/Documents/Private/App/surplus_expo/my-app/src/Components/TextComponent/TextComponent.jsx","statementMap":{"0":{"start":{"line":5,"column":19},"end":{"line":9,"column":1}},"1":{"start":{"line":6,"column":18},"end":{"line":6,"column":48}},"2":{"start":{"line":8,"column":1},"end":{"line":8,"column":67}},"3":{"start":{"line":11,"column":15},"end":{"line":15,"column":2}},"4":{"start":{"line":17,"column":0},"end":{"line":20,"column":2}}},"fnMap":{"0":{"name":"(anonymous_0)","decl":{"start":{"line":5,"column":19},"end":{"line":5,"column":20}},"loc":{"start":{"line":5,"column":50},"end":{"line":9,"column":1}},"line":5}},"branchMap":{"0":{"loc":{"start":{"line":6,"column":18},"end":{"line":6,"column":48}},"type":"cond-expr","locations":[{"start":{"line":6,"column":25},"end":{"line":6,"column":43}},{"start":{"line":6,"column":46},"end":{"line":6,"column":48}}],"line":6}},"s":{"0":1,"1":1,"2":1,"3":1,"4":1},"f":{"0":1},"b":{"0":[0,1]},"_coverageSchema":"1a1c01bbd47fc00a2c39e90264f33305004495a9","hash":"2690aeaadc36df47ec7eae93cb88dd4bf3419a8a"}
,"/Users/22060947/Documents/Private/App/surplus_expo/my-app/src/Components/ToastComponent/ToastComponent.jsx": {"path":"/Users/22060947/Documents/Private/App/surplus_expo/my-app/src/Components/ToastComponent/ToastComponent.jsx","statementMap":{"0":{"start":{"line":8,"column":26},"end":{"line":8,"column":55}},"1":{"start":{"line":8,"column":49},"end":{"line":8,"column":54}},"2":{"start":{"line":9,"column":18},"end":{"line":9,"column":31}},"3":{"start":{"line":11,"column":14},"end":{"line":11,"column":48}},"4":{"start":{"line":12,"column":17},"end":{"line":12,"column":49}},"5":{"start":{"line":13,"column":21},"end":{"line":13,"column":57}},"6":{"start":{"line":14,"column":14},"end":{"line":14,"column":47}},"7":{"start":{"line":16,"column":28},"end":{"line":18,"column":2}},"8":{"start":{"line":17,"column":2},"end":{"line":17,"column":57}},"9":{"start":{"line":17,"column":12},"end":{"line":17,"column":57}},"10":{"start":{"line":20,"column":19},"end":{"line":25,"column":4}},"11":{"start":{"line":21,"column":2},"end":{"line":25,"column":4}},"12":{"start":{"line":27,"column":1},"end":{"line":31,"column":12}},"13":{"start":{"line":28,"column":2},"end":{"line":28,"column":23}},"14":{"start":{"line":30,"column":2},"end":{"line":30,"column":46}},"15":{"start":{"line":30,"column":15},"end":{"line":30,"column":45}},"16":{"start":{"line":33,"column":1},"end":{"line":33,"column":18}}},"fnMap":{"0":{"name":"ToastComponent","decl":{"start":{"line":7,"column":9},"end":{"line":7,"column":23}},"loc":{"start":{"line":7,"column":26},"end":{"line":34,"column":1}},"line":7},"1":{"name":"(anonymous_1)","decl":{"start":{"line":8,"column":38},"end":{"line":8,"column":39}},"loc":{"start":{"line":8,"column":49},"end":{"line":8,"column":54}},"line":8},"2":{"name":"(anonymous_2)","decl":{"start":{"line":16,"column":28},"end":{"line":16,"column":29}},"loc":{"start":{"line":16,"column":34},"end":{"line":18,"column":2}},"line":16},"3":{"name":"(anonymous_3)","decl":{"start":{"line":20,"column":19},"end":{"line":20,"column":20}},"loc":{"start":{"line":21,"column":2},"end":{"line":25,"column":4}},"line":21},"4":{"name":"(anonymous_4)","decl":{"start":{"line":27,"column":11},"end":{"line":27,"column":12}},"loc":{"start":{"line":27,"column":17},"end":{"line":31,"column":2}},"line":27},"5":{"name":"(anonymous_5)","decl":{"start":{"line":30,"column":9},"end":{"line":30,"column":10}},"loc":{"start":{"line":30,"column":15},"end":{"line":30,"column":45}},"line":30}},"branchMap":{"0":{"loc":{"start":{"line":17,"column":2},"end":{"line":17,"column":57}},"type":"if","locations":[{"start":{"line":17,"column":2},"end":{"line":17,"column":57}},{"start":{},"end":{}}],"line":17}},"s":{"0":3,"1":3,"2":3,"3":3,"4":3,"5":3,"6":3,"7":3,"8":0,"9":0,"10":3,"11":0,"12":3,"13":0,"14":0,"15":0,"16":2},"f":{"0":3,"1":3,"2":0,"3":0,"4":0,"5":0},"b":{"0":[0,0]},"_coverageSchema":"1a1c01bbd47fc00a2c39e90264f33305004495a9","hash":"97863d627e09b9ece3793580fe9072be95d362b2"}
,"/Users/22060947/Documents/Private/App/surplus_expo/my-app/src/Containers/AuthWrapper/AuthWrapper.jsx": {"path":"/Users/22060947/Documents/Private/App/surplus_expo/my-app/src/Containers/AuthWrapper/AuthWrapper.jsx","statementMap":{"0":{"start":{"line":12,"column":20},"end":{"line":74,"column":1}},"1":{"start":{"line":13,"column":18},"end":{"line":13,"column":47}},"2":{"start":{"line":13,"column":41},"end":{"line":13,"column":46}},"3":{"start":{"line":14,"column":21},"end":{"line":14,"column":25}},"4":{"start":{"line":15,"column":15},"end":{"line":15,"column":43}},"5":{"start":{"line":17,"column":1},"end":{"line":17,"column":32}},"6":{"start":{"line":19,"column":13},"end":{"line":19,"column":39}},"7":{"start":{"line":21,"column":23},"end":{"line":34,"column":2}},"8":{"start":{"line":22,"column":2},"end":{"line":33,"column":20}},"9":{"start":{"line":36,"column":24},"end":{"line":71,"column":2}},"10":{"start":{"line":37,"column":2},"end":{"line":70,"column":4}},"11":{"start":{"line":39,"column":35},"end":{"line":53,"column":5}},"12":{"start":{"line":42,"column":6},"end":{"line":46,"column":7}},"13":{"start":{"line":43,"column":7},"end":{"line":43,"column":52}},"14":{"start":{"line":44,"column":13},"end":{"line":46,"column":7}},"15":{"start":{"line":45,"column":7},"end":{"line":45,"column":70}},"16":{"start":{"line":49,"column":6},"end":{"line":49,"column":68}},"17":{"start":{"line":73,"column":1},"end":{"line":73,"column":53}}},"fnMap":{"0":{"name":"(anonymous_0)","decl":{"start":{"line":12,"column":20},"end":{"line":12,"column":21}},"loc":{"start":{"line":12,"column":26},"end":{"line":74,"column":1}},"line":12},"1":{"name":"(anonymous_1)","decl":{"start":{"line":13,"column":30},"end":{"line":13,"column":31}},"loc":{"start":{"line":13,"column":41},"end":{"line":13,"column":46}},"line":13},"2":{"name":"(anonymous_2)","decl":{"start":{"line":17,"column":11},"end":{"line":17,"column":12}},"loc":{"start":{"line":17,"column":17},"end":{"line":17,"column":19}},"line":17},"3":{"name":"(anonymous_3)","decl":{"start":{"line":21,"column":23},"end":{"line":21,"column":24}},"loc":{"start":{"line":22,"column":2},"end":{"line":33,"column":20}},"line":22},"4":{"name":"(anonymous_4)","decl":{"start":{"line":36,"column":24},"end":{"line":36,"column":25}},"loc":{"start":{"line":36,"column":30},"end":{"line":71,"column":2}},"line":36},"5":{"name":"(anonymous_5)","decl":{"start":{"line":39,"column":19},"end":{"line":39,"column":20}},"loc":{"start":{"line":39,"column":35},"end":{"line":53,"column":5}},"line":39},"6":{"name":"(anonymous_6)","decl":{"start":{"line":40,"column":17},"end":{"line":40,"column":18}},"loc":{"start":{"line":40,"column":47},"end":{"line":50,"column":6}},"line":40}},"branchMap":{"0":{"loc":{"start":{"line":42,"column":6},"end":{"line":46,"column":7}},"type":"if","locations":[{"start":{"line":42,"column":6},"end":{"line":46,"column":7}},{"start":{"line":44,"column":13},"end":{"line":46,"column":7}}],"line":42},"1":{"loc":{"start":{"line":43,"column":18},"end":{"line":43,"column":51}},"type":"cond-expr","locations":[{"start":{"line":43,"column":28},"end":{"line":43,"column":34}},{"start":{"line":43,"column":37},"end":{"line":43,"column":51}}],"line":43},"2":{"loc":{"start":{"line":44,"column":13},"end":{"line":46,"column":7}},"type":"if","locations":[{"start":{"line":44,"column":13},"end":{"line":46,"column":7}},{"start":{},"end":{}}],"line":44},"3":{"loc":{"start":{"line":45,"column":18},"end":{"line":45,"column":69}},"type":"cond-expr","locations":[{"start":{"line":45,"column":28},"end":{"line":45,"column":43}},{"start":{"line":45,"column":46},"end":{"line":45,"column":69}}],"line":45},"4":{"loc":{"start":{"line":73,"column":8},"end":{"line":73,"column":52}},"type":"cond-expr","locations":[{"start":{"line":73,"column":18},"end":{"line":73,"column":34}},{"start":{"line":73,"column":37},"end":{"line":73,"column":52}}],"line":73}},"s":{"0":1,"1":3,"2":0,"3":3,"4":3,"5":3,"6":2,"7":2,"8":1,"9":2,"10":1,"11":0,"12":0,"13":0,"14":0,"15":0,"16":0,"17":2},"f":{"0":3,"1":0,"2":1,"3":1,"4":1,"5":0,"6":0},"b":{"0":[0,0],"1":[0,0],"2":[0,0],"3":[0,0],"4":[1,1]},"_coverageSchema":"1a1c01bbd47fc00a2c39e90264f33305004495a9","hash":"449c46265611710e90fd34e4514574239bad5e5a"}
,"/Users/22060947/Documents/Private/App/surplus_expo/my-app/src/Containers/DetailsContainer/DetailsContainer.Style.js": {"path":"/Users/22060947/Documents/Private/App/surplus_expo/my-app/src/Containers/DetailsContainer/DetailsContainer.Style.js","statementMap":{"0":{"start":{"line":5,"column":15},"end":{"line":52,"column":2}}},"fnMap":{},"branchMap":{},"s":{"0":2},"f":{},"b":{},"_coverageSchema":"1a1c01bbd47fc00a2c39e90264f33305004495a9","hash":"4a4ab39336a7aca07655d2d745a1eba355ca55c6"}
,"/Users/22060947/Documents/Private/App/surplus_expo/my-app/src/Containers/DetailsContainer/DetailsContainer.jsx": {"path":"/Users/22060947/Documents/Private/App/surplus_expo/my-app/src/Containers/DetailsContainer/DetailsContainer.jsx","statementMap":{"0":{"start":{"line":11,"column":20},"end":{"line":24,"column":1}},"1":{"start":{"line":12,"column":1},"end":{"line":23,"column":18}},"2":{"start":{"line":26,"column":23},"end":{"line":34,"column":1}},"3":{"start":{"line":27,"column":1},"end":{"line":33,"column":8}},"4":{"start":{"line":36,"column":23},"end":{"line":40,"column":1}},"5":{"start":{"line":37,"column":1},"end":{"line":39,"column":8}},"6":{"start":{"line":43,"column":20},"end":{"line":43,"column":25}},"7":{"start":{"line":44,"column":13},"end":{"line":44,"column":45}},"8":{"start":{"line":45,"column":14},"end":{"line":45,"column":43}},"9":{"start":{"line":47,"column":1},"end":{"line":52,"column":3}},"10":{"start":{"line":57,"column":0},"end":{"line":60,"column":2}}},"fnMap":{"0":{"name":"(anonymous_0)","decl":{"start":{"line":11,"column":20},"end":{"line":11,"column":21}},"loc":{"start":{"line":12,"column":1},"end":{"line":23,"column":18}},"line":12},"1":{"name":"(anonymous_1)","decl":{"start":{"line":26,"column":23},"end":{"line":26,"column":24}},"loc":{"start":{"line":27,"column":1},"end":{"line":33,"column":8}},"line":27},"2":{"name":"(anonymous_2)","decl":{"start":{"line":36,"column":23},"end":{"line":36,"column":24}},"loc":{"start":{"line":37,"column":1},"end":{"line":39,"column":8}},"line":37},"3":{"name":"DetailsContainer","decl":{"start":{"line":42,"column":9},"end":{"line":42,"column":25}},"loc":{"start":{"line":42,"column":37},"end":{"line":53,"column":1}},"line":42}},"branchMap":{},"s":{"0":2,"1":1,"2":2,"3":1,"4":2,"5":1,"6":1,"7":1,"8":1,"9":1,"10":2},"f":{"0":1,"1":1,"2":1,"3":1},"b":{},"_coverageSchema":"1a1c01bbd47fc00a2c39e90264f33305004495a9","hash":"94233dd75f190d3b285d7cf27d15f8e725d54970"}
,"/Users/22060947/Documents/Private/App/surplus_expo/my-app/src/Containers/Feeds/Feeds.Style.js": {"path":"/Users/22060947/Documents/Private/App/surplus_expo/my-app/src/Containers/Feeds/Feeds.Style.js","statementMap":{"0":{"start":{"line":5,"column":15},"end":{"line":34,"column":2}},"1":{"start":{"line":7,"column":23},"end":{"line":15,"column":3}}},"fnMap":{"0":{"name":"(anonymous_0)","decl":{"start":{"line":7,"column":11},"end":{"line":7,"column":12}},"loc":{"start":{"line":7,"column":23},"end":{"line":15,"column":3}},"line":7}},"branchMap":{"0":{"loc":{"start":{"line":9,"column":23},"end":{"line":9,"column":40}},"type":"cond-expr","locations":[{"start":{"line":9,"column":31},"end":{"line":9,"column":34}},{"start":{"line":9,"column":37},"end":{"line":9,"column":40}}],"line":9}},"s":{"0":4,"1":6},"f":{"0":6},"b":{"0":[6,0]},"_coverageSchema":"1a1c01bbd47fc00a2c39e90264f33305004495a9","hash":"8854b9060d3cbfac8373d3a41dea6cc41ed8ff68"}
,"/Users/22060947/Documents/Private/App/surplus_expo/my-app/src/Containers/Feeds/Feeds.jsx": {"path":"/Users/22060947/Documents/Private/App/surplus_expo/my-app/src/Containers/Feeds/Feeds.jsx","statementMap":{"0":{"start":{"line":6,"column":23},"end":{"line":17,"column":1}},"1":{"start":{"line":7,"column":1},"end":{"line":16,"column":8}},"2":{"start":{"line":10,"column":18},"end":{"line":10,"column":32}},"3":{"start":{"line":20,"column":1},"end":{"line":32,"column":3}},"4":{"start":{"line":23,"column":12},"end":{"line":23,"column":16}},"5":{"start":{"line":25,"column":4},"end":{"line":29,"column":6}},"6":{"start":{"line":35,"column":0},"end":{"line":47,"column":2}}},"fnMap":{"0":{"name":"(anonymous_0)","decl":{"start":{"line":6,"column":23},"end":{"line":6,"column":24}},"loc":{"start":{"line":7,"column":1},"end":{"line":16,"column":8}},"line":7},"1":{"name":"(anonymous_1)","decl":{"start":{"line":10,"column":12},"end":{"line":10,"column":13}},"loc":{"start":{"line":10,"column":18},"end":{"line":10,"column":32}},"line":10},"2":{"name":"FeedsComponent","decl":{"start":{"line":19,"column":9},"end":{"line":19,"column":23}},"loc":{"start":{"line":19,"column":43},"end":{"line":33,"column":1}},"line":19},"3":{"name":"(anonymous_3)","decl":{"start":{"line":22,"column":14},"end":{"line":22,"column":15}},"loc":{"start":{"line":22,"column":28},"end":{"line":30,"column":4}},"line":22}},"branchMap":{},"s":{"0":4,"1":6,"2":1,"3":3,"4":6,"5":6,"6":4},"f":{"0":6,"1":1,"2":3,"3":6},"b":{},"_coverageSchema":"1a1c01bbd47fc00a2c39e90264f33305004495a9","hash":"f5df31270d2f455ea6f4699d82c40d2ce2e8c24c"}
,"/Users/22060947/Documents/Private/App/surplus_expo/my-app/src/Containers/Highlight/HighlightComponent.Style.js": {"path":"/Users/22060947/Documents/Private/App/surplus_expo/my-app/src/Containers/Highlight/HighlightComponent.Style.js","statementMap":{"0":{"start":{"line":5,"column":15},"end":{"line":37,"column":2}}},"fnMap":{},"branchMap":{},"s":{"0":4},"f":{},"b":{},"_coverageSchema":"1a1c01bbd47fc00a2c39e90264f33305004495a9","hash":"69449b1f9215157a03c122279a0bd3de19ca0d9b"}
,"/Users/22060947/Documents/Private/App/surplus_expo/my-app/src/Containers/Highlight/HighlightComponent.jsx": {"path":"/Users/22060947/Documents/Private/App/surplus_expo/my-app/src/Containers/Highlight/HighlightComponent.jsx","statementMap":{"0":{"start":{"line":6,"column":19},"end":{"line":17,"column":1}},"1":{"start":{"line":7,"column":1},"end":{"line":16,"column":8}},"2":{"start":{"line":20,"column":1},"end":{"line":32,"column":3}},"3":{"start":{"line":28,"column":35},"end":{"line":28,"column":60}},"4":{"start":{"line":35,"column":0},"end":{"line":46,"column":2}}},"fnMap":{"0":{"name":"(anonymous_0)","decl":{"start":{"line":6,"column":19},"end":{"line":6,"column":20}},"loc":{"start":{"line":7,"column":1},"end":{"line":16,"column":8}},"line":7},"1":{"name":"HighlightComponent","decl":{"start":{"line":19,"column":9},"end":{"line":19,"column":27}},"loc":{"start":{"line":19,"column":38},"end":{"line":33,"column":1}},"line":19},"2":{"name":"(anonymous_2)","decl":{"start":{"line":28,"column":18},"end":{"line":28,"column":19}},"loc":{"start":{"line":28,"column":35},"end":{"line":28,"column":60}},"line":28}},"branchMap":{"0":{"loc":{"start":{"line":9,"column":18},"end":{"line":9,"column":44}},"type":"binary-expr","locations":[{"start":{"line":9,"column":18},"end":{"line":9,"column":38}},{"start":{"line":9,"column":42},"end":{"line":9,"column":44}}],"line":9}},"s":{"0":4,"1":6,"2":3,"3":6,"4":4},"f":{"0":6,"1":3,"2":6},"b":{"0":[6,0]},"_coverageSchema":"1a1c01bbd47fc00a2c39e90264f33305004495a9","hash":"b884793f1be948f78d7b1c4a51d600991de03d86"}
,"/Users/22060947/Documents/Private/App/surplus_expo/my-app/src/Containers/HomeContainer/HomeComponent.Style.js": {"path":"/Users/22060947/Documents/Private/App/surplus_expo/my-app/src/Containers/HomeContainer/HomeComponent.Style.js","statementMap":{"0":{"start":{"line":9,"column":15},"end":{"line":84,"column":1}}},"fnMap":{},"branchMap":{},"s":{"0":3},"f":{},"b":{},"_coverageSchema":"1a1c01bbd47fc00a2c39e90264f33305004495a9","hash":"f27ac7bf523ff9a019599997314725fc9fc85f7b"}
,"/Users/22060947/Documents/Private/App/surplus_expo/my-app/src/Containers/HomeContainer/HomeComponent.jsx": {"path":"/Users/22060947/Documents/Private/App/surplus_expo/my-app/src/Containers/HomeContainer/HomeComponent.jsx","statementMap":{"0":{"start":{"line":23,"column":26},"end":{"line":60,"column":1}},"1":{"start":{"line":24,"column":37},"end":{"line":24,"column":52}},"2":{"start":{"line":25,"column":17},"end":{"line":25,"column":26}},"3":{"start":{"line":27,"column":1},"end":{"line":59,"column":3}},"4":{"start":{"line":49,"column":37},"end":{"line":49,"column":67}},"5":{"start":{"line":49,"column":61},"end":{"line":49,"column":66}},"6":{"start":{"line":61,"column":35},"end":{"line":65,"column":1}},"7":{"start":{"line":62,"column":1},"end":{"line":64,"column":8}},"8":{"start":{"line":66,"column":28},"end":{"line":75,"column":1}},"9":{"start":{"line":67,"column":1},"end":{"line":74,"column":19}},"10":{"start":{"line":76,"column":29},"end":{"line":82,"column":1}},"11":{"start":{"line":77,"column":1},"end":{"line":81,"column":17}},"12":{"start":{"line":79,"column":39},"end":{"line":79,"column":50}},"13":{"start":{"line":89,"column":22},"end":{"line":150,"column":1}},"14":{"start":{"line":90,"column":27},"end":{"line":90,"column":32}},"15":{"start":{"line":91,"column":29},"end":{"line":91,"column":40}},"16":{"start":{"line":92,"column":25},"end":{"line":92,"column":40}},"17":{"start":{"line":93,"column":23},"end":{"line":93,"column":69}},"18":{"start":{"line":93,"column":37},"end":{"line":93,"column":59}},"19":{"start":{"line":94,"column":19},"end":{"line":96,"column":3}},"20":{"start":{"line":94,"column":33},"end":{"line":94,"column":60}},"21":{"start":{"line":97,"column":26},"end":{"line":99,"column":11}},"22":{"start":{"line":100,"column":22},"end":{"line":116,"column":2}},"23":{"start":{"line":101,"column":60},"end":{"line":101,"column":77}},"24":{"start":{"line":102,"column":12},"end":{"line":102,"column":38}},"25":{"start":{"line":104,"column":2},"end":{"line":110,"column":3}},"26":{"start":{"line":105,"column":3},"end":{"line":105,"column":18}},"27":{"start":{"line":106,"column":3},"end":{"line":106,"column":16}},"28":{"start":{"line":108,"column":3},"end":{"line":108,"column":17}},"29":{"start":{"line":109,"column":3},"end":{"line":109,"column":22}},"30":{"start":{"line":109,"column":19},"end":{"line":109,"column":20}},"31":{"start":{"line":113,"column":3},"end":{"line":113,"column":72}},"32":{"start":{"line":115,"column":2},"end":{"line":115,"column":44}},"33":{"start":{"line":115,"column":26},"end":{"line":115,"column":44}},"34":{"start":{"line":117,"column":23},"end":{"line":120,"column":2}},"35":{"start":{"line":121,"column":21},"end":{"line":125,"column":2}},"36":{"start":{"line":126,"column":30},"end":{"line":129,"column":2}},"37":{"start":{"line":127,"column":24},"end":{"line":127,"column":75}},"38":{"start":{"line":128,"column":23},"end":{"line":128,"column":73}},"39":{"start":{"line":131,"column":1},"end":{"line":137,"column":38}},"40":{"start":{"line":132,"column":2},"end":{"line":136,"column":14}},"41":{"start":{"line":139,"column":1},"end":{"line":149,"column":3}}},"fnMap":{"0":{"name":"(anonymous_0)","decl":{"start":{"line":23,"column":26},"end":{"line":23,"column":27}},"loc":{"start":{"line":23,"column":56},"end":{"line":60,"column":1}},"line":23},"1":{"name":"(anonymous_1)","decl":{"start":{"line":49,"column":31},"end":{"line":49,"column":32}},"loc":{"start":{"line":49,"column":37},"end":{"line":49,"column":67}},"line":49},"2":{"name":"(anonymous_2)","decl":{"start":{"line":49,"column":51},"end":{"line":49,"column":52}},"loc":{"start":{"line":49,"column":61},"end":{"line":49,"column":66}},"line":49},"3":{"name":"(anonymous_3)","decl":{"start":{"line":61,"column":35},"end":{"line":61,"column":36}},"loc":{"start":{"line":62,"column":1},"end":{"line":64,"column":8}},"line":62},"4":{"name":"(anonymous_4)","decl":{"start":{"line":66,"column":28},"end":{"line":66,"column":29}},"loc":{"start":{"line":67,"column":1},"end":{"line":74,"column":19}},"line":67},"5":{"name":"(anonymous_5)","decl":{"start":{"line":76,"column":29},"end":{"line":76,"column":30}},"loc":{"start":{"line":77,"column":1},"end":{"line":81,"column":17}},"line":77},"6":{"name":"(anonymous_6)","decl":{"start":{"line":79,"column":30},"end":{"line":79,"column":31}},"loc":{"start":{"line":79,"column":39},"end":{"line":79,"column":50}},"line":79},"7":{"name":"(anonymous_7)","decl":{"start":{"line":89,"column":22},"end":{"line":89,"column":23}},"loc":{"start":{"line":89,"column":33},"end":{"line":150,"column":1}},"line":89},"8":{"name":"(anonymous_8)","decl":{"start":{"line":93,"column":31},"end":{"line":93,"column":32}},"loc":{"start":{"line":93,"column":37},"end":{"line":93,"column":59}},"line":93},"9":{"name":"(anonymous_9)","decl":{"start":{"line":94,"column":27},"end":{"line":94,"column":28}},"loc":{"start":{"line":94,"column":33},"end":{"line":94,"column":60}},"line":94},"10":{"name":"(anonymous_10)","decl":{"start":{"line":100,"column":22},"end":{"line":100,"column":23}},"loc":{"start":{"line":100,"column":33},"end":{"line":116,"column":2}},"line":100},"11":{"name":"(anonymous_11)","decl":{"start":{"line":109,"column":13},"end":{"line":109,"column":14}},"loc":{"start":{"line":109,"column":19},"end":{"line":109,"column":20}},"line":109},"12":{"name":"(anonymous_12)","decl":{"start":{"line":127,"column":17},"end":{"line":127,"column":18}},"loc":{"start":{"line":127,"column":24},"end":{"line":127,"column":75}},"line":127},"13":{"name":"(anonymous_13)","decl":{"start":{"line":128,"column":16},"end":{"line":128,"column":17}},"loc":{"start":{"line":128,"column":23},"end":{"line":128,"column":73}},"line":128},"14":{"name":"(anonymous_14)","decl":{"start":{"line":131,"column":17},"end":{"line":131,"column":18}},"loc":{"start":{"line":131,"column":23},"end":{"line":137,"column":2}},"line":131}},"branchMap":{"0":{"loc":{"start":{"line":44,"column":5},"end":{"line":48,"column":5}},"type":"binary-expr","locations":[{"start":{"line":44,"column":5},"end":{"line":44,"column":15}},{"start":{"line":45,"column":5},"end":{"line":47,"column":24}}],"line":44},"1":{"loc":{"start":{"line":98,"column":21},"end":{"line":98,"column":52}},"type":"cond-expr","locations":[{"start":{"line":98,"column":44},"end":{"line":98,"column":46}},{"start":{"line":98,"column":49},"end":{"line":98,"column":52}}],"line":98},"2":{"loc":{"start":{"line":98,"column":21},"end":{"line":98,"column":41}},"type":"binary-expr","locations":[{"start":{"line":98,"column":21},"end":{"line":98,"column":25}},{"start":{"line":98,"column":29},"end":{"line":98,"column":41}}],"line":98},"3":{"loc":{"start":{"line":104,"column":2},"end":{"line":110,"column":3}},"type":"if","locations":[{"start":{"line":104,"column":2},"end":{"line":110,"column":3}},{"start":{"line":107,"column":9},"end":{"line":110,"column":3}}],"line":104},"4":{"loc":{"start":{"line":115,"column":2},"end":{"line":115,"column":44}},"type":"if","locations":[{"start":{"line":115,"column":2},"end":{"line":115,"column":44}},{"start":{},"end":{}}],"line":115},"5":{"loc":{"start":{"line":133,"column":12},"end":{"line":133,"column":44}},"type":"cond-expr","locations":[{"start":{"line":133,"column":35},"end":{"line":133,"column":37}},{"start":{"line":133,"column":40},"end":{"line":133,"column":44}}],"line":133},"6":{"loc":{"start":{"line":133,"column":12},"end":{"line":133,"column":32}},"type":"binary-expr","locations":[{"start":{"line":133,"column":12},"end":{"line":133,"column":16}},{"start":{"line":133,"column":20},"end":{"line":133,"column":32}}],"line":133}},"s":{"0":3,"1":1,"2":1,"3":1,"4":0,"5":0,"6":3,"7":1,"8":3,"9":1,"10":3,"11":1,"12":0,"13":3,"14":1,"15":1,"16":1,"17":1,"18":1,"19":1,"20":1,"21":1,"22":1,"23":0,"24":0,"25":0,"26":0,"27":0,"28":0,"29":0,"30":0,"31":0,"32":0,"33":0,"34":1,"35":1,"36":1,"37":1,"38":1,"39":1,"40":1,"41":1},"f":{"0":1,"1":0,"2":0,"3":1,"4":1,"5":1,"6":0,"7":1,"8":1,"9":1,"10":0,"11":0,"12":1,"13":1,"14":1},"b":{"0":[1,0],"1":[1,0],"2":[1,1],"3":[0,0],"4":[0,0],"5":[1,0],"6":[1,1]},"_coverageSchema":"1a1c01bbd47fc00a2c39e90264f33305004495a9","hash":"0f67194e17b2a109856c9a9676283cd03d831587"}
,"/Users/22060947/Documents/Private/App/surplus_expo/my-app/src/Containers/HomeContainer/HomeContainer.jsx": {"path":"/Users/22060947/Documents/Private/App/surplus_expo/my-app/src/Containers/HomeContainer/HomeContainer.jsx","statementMap":{"0":{"start":{"line":10,"column":21},"end":{"line":18,"column":1}},"1":{"start":{"line":19,"column":12},"end":{"line":19,"column":40}},"2":{"start":{"line":22,"column":25},"end":{"line":22,"column":47}},"3":{"start":{"line":23,"column":16},"end":{"line":23,"column":71}},"4":{"start":{"line":24,"column":18},"end":{"line":24,"column":31}},"5":{"start":{"line":25,"column":18},"end":{"line":25,"column":47}},"6":{"start":{"line":25,"column":41},"end":{"line":25,"column":46}},"7":{"start":{"line":27,"column":17},"end":{"line":32,"column":2}},"8":{"start":{"line":28,"column":2},"end":{"line":31,"column":5}},"9":{"start":{"line":29,"column":17},"end":{"line":29,"column":41}},"10":{"start":{"line":30,"column":3},"end":{"line":30,"column":66}},"11":{"start":{"line":30,"column":23},"end":{"line":30,"column":63}},"12":{"start":{"line":33,"column":22},"end":{"line":51,"column":2}},"13":{"start":{"line":34,"column":15},"end":{"line":34,"column":43}},"14":{"start":{"line":35,"column":18},"end":{"line":35,"column":62}},"15":{"start":{"line":36,"column":17},"end":{"line":36,"column":62}},"16":{"start":{"line":38,"column":2},"end":{"line":50,"column":3}},"17":{"start":{"line":39,"column":20},"end":{"line":41,"column":4}},"18":{"start":{"line":42,"column":16},"end":{"line":42,"column":49}},"19":{"start":{"line":43,"column":3},"end":{"line":47,"column":7}},"20":{"start":{"line":43,"column":23},"end":{"line":47,"column":4}},"21":{"start":{"line":49,"column":3},"end":{"line":49,"column":22}},"22":{"start":{"line":52,"column":21},"end":{"line":63,"column":2}},"23":{"start":{"line":53,"column":18},"end":{"line":53,"column":62}},"24":{"start":{"line":54,"column":17},"end":{"line":54,"column":62}},"25":{"start":{"line":56,"column":2},"end":{"line":62,"column":3}},"26":{"start":{"line":57,"column":20},"end":{"line":57,"column":75}},"27":{"start":{"line":58,"column":16},"end":{"line":58,"column":49}},"28":{"start":{"line":59,"column":3},"end":{"line":59,"column":54}},"29":{"start":{"line":59,"column":23},"end":{"line":59,"column":51}},"30":{"start":{"line":61,"column":3},"end":{"line":61,"column":22}},"31":{"start":{"line":65,"column":2},"end":{"line":65,"column":51}},"32":{"start":{"line":65,"column":22},"end":{"line":65,"column":48}},"33":{"start":{"line":68,"column":2},"end":{"line":68,"column":25}},"34":{"start":{"line":71,"column":2},"end":{"line":71,"column":67}},"35":{"start":{"line":71,"column":22},"end":{"line":71,"column":64}},"36":{"start":{"line":74,"column":15},"end":{"line":74,"column":42}},"37":{"start":{"line":75,"column":14},"end":{"line":77,"column":4}},"38":{"start":{"line":76,"column":3},"end":{"line":76,"column":36}},"39":{"start":{"line":78,"column":2},"end":{"line":78,"column":13}},"40":{"start":{"line":81,"column":2},"end":{"line":81,"column":40}},"41":{"start":{"line":84,"column":1},"end":{"line":86,"column":8}},"42":{"start":{"line":85,"column":2},"end":{"line":85,"column":12}},"43":{"start":{"line":88,"column":1},"end":{"line":90,"column":35}},"44":{"start":{"line":89,"column":2},"end":{"line":89,"column":16}},"45":{"start":{"line":92,"column":1},"end":{"line":94,"column":23}},"46":{"start":{"line":93,"column":2},"end":{"line":93,"column":17}},"47":{"start":{"line":96,"column":1},"end":{"line":96,"column":31}},"48":{"start":{"line":98,"column":1},"end":{"line":98,"column":56}},"49":{"start":{"line":103,"column":0},"end":{"line":105,"column":2}}},"fnMap":{"0":{"name":"HomeContainer","decl":{"start":{"line":21,"column":9},"end":{"line":21,"column":22}},"loc":{"start":{"line":21,"column":39},"end":{"line":99,"column":1}},"line":21},"1":{"name":"(anonymous_1)","decl":{"start":{"line":25,"column":30},"end":{"line":25,"column":31}},"loc":{"start":{"line":25,"column":41},"end":{"line":25,"column":46}},"line":25},"2":{"name":"(anonymous_2)","decl":{"start":{"line":27,"column":17},"end":{"line":27,"column":18}},"loc":{"start":{"line":27,"column":23},"end":{"line":32,"column":2}},"line":27},"3":{"name":"(anonymous_3)","decl":{"start":{"line":28,"column":61},"end":{"line":28,"column":62}},"loc":{"start":{"line":28,"column":75},"end":{"line":31,"column":3}},"line":28},"4":{"name":"(anonymous_4)","decl":{"start":{"line":30,"column":12},"end":{"line":30,"column":13}},"loc":{"start":{"line":30,"column":23},"end":{"line":30,"column":63}},"line":30},"5":{"name":"(anonymous_5)","decl":{"start":{"line":33,"column":22},"end":{"line":33,"column":23}},"loc":{"start":{"line":33,"column":34},"end":{"line":51,"column":2}},"line":33},"6":{"name":"(anonymous_6)","decl":{"start":{"line":43,"column":12},"end":{"line":43,"column":13}},"loc":{"start":{"line":43,"column":23},"end":{"line":47,"column":4}},"line":43},"7":{"name":"(anonymous_7)","decl":{"start":{"line":52,"column":21},"end":{"line":52,"column":22}},"loc":{"start":{"line":52,"column":33},"end":{"line":63,"column":2}},"line":52},"8":{"name":"(anonymous_8)","decl":{"start":{"line":59,"column":12},"end":{"line":59,"column":13}},"loc":{"start":{"line":59,"column":23},"end":{"line":59,"column":51}},"line":59},"9":{"name":"SelectFilter","decl":{"start":{"line":64,"column":10},"end":{"line":64,"column":22}},"loc":{"start":{"line":64,"column":40},"end":{"line":66,"column":2}},"line":64},"10":{"name":"(anonymous_10)","decl":{"start":{"line":65,"column":11},"end":{"line":65,"column":12}},"loc":{"start":{"line":65,"column":22},"end":{"line":65,"column":48}},"line":65},"11":{"name":"Logout","decl":{"start":{"line":67,"column":10},"end":{"line":67,"column":16}},"loc":{"start":{"line":67,"column":19},"end":{"line":69,"column":2}},"line":67},"12":{"name":"LoadMore","decl":{"start":{"line":70,"column":10},"end":{"line":70,"column":18}},"loc":{"start":{"line":70,"column":21},"end":{"line":72,"column":2}},"line":70},"13":{"name":"(anonymous_13)","decl":{"start":{"line":71,"column":11},"end":{"line":71,"column":12}},"loc":{"start":{"line":71,"column":22},"end":{"line":71,"column":64}},"line":71},"14":{"name":"Search","decl":{"start":{"line":73,"column":10},"end":{"line":73,"column":16}},"loc":{"start":{"line":73,"column":24},"end":{"line":79,"column":2}},"line":73},"15":{"name":"(anonymous_15)","decl":{"start":{"line":75,"column":29},"end":{"line":75,"column":30}},"loc":{"start":{"line":75,"column":38},"end":{"line":77,"column":3}},"line":75},"16":{"name":"GoToDetails","decl":{"start":{"line":80,"column":10},"end":{"line":80,"column":21}},"loc":{"start":{"line":80,"column":30},"end":{"line":82,"column":2}},"line":80},"17":{"name":"(anonymous_17)","decl":{"start":{"line":84,"column":11},"end":{"line":84,"column":12}},"loc":{"start":{"line":84,"column":17},"end":{"line":86,"column":2}},"line":84},"18":{"name":"(anonymous_18)","decl":{"start":{"line":88,"column":11},"end":{"line":88,"column":12}},"loc":{"start":{"line":88,"column":17},"end":{"line":90,"column":2}},"line":88},"19":{"name":"(anonymous_19)","decl":{"start":{"line":92,"column":11},"end":{"line":92,"column":12}},"loc":{"start":{"line":92,"column":17},"end":{"line":94,"column":2}},"line":92}},"branchMap":{"0":{"loc":{"start":{"line":35,"column":18},"end":{"line":35,"column":62}},"type":"cond-expr","locations":[{"start":{"line":35,"column":34},"end":{"line":35,"column":57}},{"start":{"line":35,"column":60},"end":{"line":35,"column":62}}],"line":35},"1":{"loc":{"start":{"line":36,"column":17},"end":{"line":36,"column":62}},"type":"cond-expr","locations":[{"start":{"line":36,"column":32},"end":{"line":36,"column":57}},{"start":{"line":36,"column":60},"end":{"line":36,"column":62}}],"line":36},"2":{"loc":{"start":{"line":53,"column":18},"end":{"line":53,"column":62}},"type":"cond-expr","locations":[{"start":{"line":53,"column":34},"end":{"line":53,"column":57}},{"start":{"line":53,"column":60},"end":{"line":53,"column":62}}],"line":53},"3":{"loc":{"start":{"line":54,"column":17},"end":{"line":54,"column":62}},"type":"cond-expr","locations":[{"start":{"line":54,"column":32},"end":{"line":54,"column":57}},{"start":{"line":54,"column":60},"end":{"line":54,"column":62}}],"line":54}},"s":{"0":2,"1":2,"2":7,"3":7,"4":7,"5":7,"6":0,"7":0,"8":0,"9":0,"10":0,"11":0,"12":0,"13":0,"14":0,"15":0,"16":0,"17":0,"18":0,"19":0,"20":0,"21":0,"22":0,"23":0,"24":0,"25":0,"26":0,"27":0,"28":0,"29":0,"30":0,"31":0,"32":0,"33":0,"34":0,"35":0,"36":0,"37":0,"38":0,"39":0,"40":0,"41":0,"42":0,"43":0,"44":0,"45":0,"46":0,"47":0,"48":0,"49":2},"f":{"0":7,"1":0,"2":0,"3":0,"4":0,"5":0,"6":0,"7":0,"8":0,"9":0,"10":0,"11":0,"12":0,"13":0,"14":0,"15":0,"16":0,"17":0,"18":0,"19":0},"b":{"0":[0,0],"1":[0,0],"2":[0,0],"3":[0,0]},"_coverageSchema":"1a1c01bbd47fc00a2c39e90264f33305004495a9","hash":"9844f0eae2ca6c8044294b1075d1793a71b918c7"}
,"/Users/22060947/Documents/Private/App/surplus_expo/my-app/src/Containers/Login/Login.Component.jsx": {"path":"/Users/22060947/Documents/Private/App/surplus_expo/my-app/src/Containers/Login/Login.Component.jsx","statementMap":{"0":{"start":{"line":11,"column":21},"end":{"line":31,"column":1}},"1":{"start":{"line":12,"column":1},"end":{"line":30,"column":8}},"2":{"start":{"line":15,"column":21},"end":{"line":15,"column":47}},"3":{"start":{"line":19,"column":21},"end":{"line":19,"column":47}},"4":{"start":{"line":32,"column":24},"end":{"line":90,"column":1}},"5":{"start":{"line":38,"column":61},"end":{"line":38,"column":69}},"6":{"start":{"line":40,"column":2},"end":{"line":40,"column":58}},"7":{"start":{"line":41,"column":16},"end":{"line":45,"column":2}},"8":{"start":{"line":42,"column":17},"end":{"line":42,"column":39}},"9":{"start":{"line":43,"column":2},"end":{"line":43,"column":22}},"10":{"start":{"line":43,"column":15},"end":{"line":43,"column":22}},"11":{"start":{"line":44,"column":2},"end":{"line":44,"column":9}},"12":{"start":{"line":47,"column":1},"end":{"line":89,"column":3}},"13":{"start":{"line":49,"column":36},"end":{"line":49,"column":42}},"14":{"start":{"line":61,"column":22},"end":{"line":61,"column":71}},"15":{"start":{"line":66,"column":22},"end":{"line":66,"column":71}},"16":{"start":{"line":74,"column":6},"end":{"line":74,"column":67}},"17":{"start":{"line":91,"column":27},"end":{"line":115,"column":1}},"18":{"start":{"line":92,"column":19},"end":{"line":92,"column":31}},"19":{"start":{"line":93,"column":14},"end":{"line":95,"column":2}},"20":{"start":{"line":94,"column":2},"end":{"line":94,"column":47}},"21":{"start":{"line":94,"column":17},"end":{"line":94,"column":47}},"22":{"start":{"line":96,"column":16},"end":{"line":98,"column":2}},"23":{"start":{"line":97,"column":2},"end":{"line":97,"column":47}},"24":{"start":{"line":97,"column":17},"end":{"line":97,"column":47}},"25":{"start":{"line":100,"column":1},"end":{"line":114,"column":3}},"26":{"start":{"line":116,"column":22},"end":{"line":124,"column":1}},"27":{"start":{"line":117,"column":1},"end":{"line":123,"column":20}},"28":{"start":{"line":125,"column":25},"end":{"line":141,"column":1}},"29":{"start":{"line":126,"column":1},"end":{"line":140,"column":8}},"30":{"start":{"line":134,"column":4},"end":{"line":137,"column":11}},"31":{"start":{"line":148,"column":23},"end":{"line":165,"column":1}},"32":{"start":{"line":149,"column":27},"end":{"line":149,"column":32}},"33":{"start":{"line":150,"column":25},"end":{"line":150,"column":40}},"34":{"start":{"line":151,"column":16},"end":{"line":154,"column":2}},"35":{"start":{"line":152,"column":2},"end":{"line":152,"column":22}},"36":{"start":{"line":152,"column":16},"end":{"line":152,"column":20}},"37":{"start":{"line":153,"column":2},"end":{"line":153,"column":46}},"38":{"start":{"line":153,"column":19},"end":{"line":153,"column":39}},"39":{"start":{"line":153,"column":33},"end":{"line":153,"column":38}},"40":{"start":{"line":156,"column":1},"end":{"line":164,"column":3}}},"fnMap":{"0":{"name":"(anonymous_0)","decl":{"start":{"line":11,"column":21},"end":{"line":11,"column":22}},"loc":{"start":{"line":12,"column":1},"end":{"line":30,"column":8}},"line":12},"1":{"name":"(anonymous_1)","decl":{"start":{"line":15,"column":14},"end":{"line":15,"column":15}},"loc":{"start":{"line":15,"column":21},"end":{"line":15,"column":47}},"line":15},"2":{"name":"(anonymous_2)","decl":{"start":{"line":19,"column":14},"end":{"line":19,"column":15}},"loc":{"start":{"line":19,"column":21},"end":{"line":19,"column":47}},"line":19},"3":{"name":"(anonymous_3)","decl":{"start":{"line":32,"column":24},"end":{"line":32,"column":25}},"loc":{"start":{"line":37,"column":6},"end":{"line":90,"column":1}},"line":37},"4":{"name":"(anonymous_4)","decl":{"start":{"line":41,"column":16},"end":{"line":41,"column":17}},"loc":{"start":{"line":41,"column":28},"end":{"line":45,"column":2}},"line":41},"5":{"name":"(anonymous_5)","decl":{"start":{"line":49,"column":30},"end":{"line":49,"column":31}},"loc":{"start":{"line":49,"column":36},"end":{"line":49,"column":42}},"line":49},"6":{"name":"(anonymous_6)","decl":{"start":{"line":61,"column":15},"end":{"line":61,"column":16}},"loc":{"start":{"line":61,"column":22},"end":{"line":61,"column":71}},"line":61},"7":{"name":"(anonymous_7)","decl":{"start":{"line":66,"column":15},"end":{"line":66,"column":16}},"loc":{"start":{"line":66,"column":22},"end":{"line":66,"column":71}},"line":66},"8":{"name":"(anonymous_8)","decl":{"start":{"line":73,"column":15},"end":{"line":73,"column":16}},"loc":{"start":{"line":74,"column":6},"end":{"line":74,"column":67}},"line":74},"9":{"name":"(anonymous_9)","decl":{"start":{"line":91,"column":27},"end":{"line":91,"column":28}},"loc":{"start":{"line":91,"column":52},"end":{"line":115,"column":1}},"line":91},"10":{"name":"(anonymous_10)","decl":{"start":{"line":93,"column":14},"end":{"line":93,"column":15}},"loc":{"start":{"line":93,"column":20},"end":{"line":95,"column":2}},"line":93},"11":{"name":"(anonymous_11)","decl":{"start":{"line":96,"column":16},"end":{"line":96,"column":17}},"loc":{"start":{"line":96,"column":22},"end":{"line":98,"column":2}},"line":96},"12":{"name":"(anonymous_12)","decl":{"start":{"line":116,"column":22},"end":{"line":116,"column":23}},"loc":{"start":{"line":117,"column":1},"end":{"line":123,"column":20}},"line":117},"13":{"name":"(anonymous_13)","decl":{"start":{"line":125,"column":25},"end":{"line":125,"column":26}},"loc":{"start":{"line":126,"column":1},"end":{"line":140,"column":8}},"line":126},"14":{"name":"(anonymous_14)","decl":{"start":{"line":133,"column":23},"end":{"line":133,"column":24}},"loc":{"start":{"line":134,"column":4},"end":{"line":137,"column":11}},"line":134},"15":{"name":"(anonymous_15)","decl":{"start":{"line":148,"column":23},"end":{"line":148,"column":24}},"loc":{"start":{"line":148,"column":34},"end":{"line":165,"column":1}},"line":148},"16":{"name":"(anonymous_16)","decl":{"start":{"line":151,"column":16},"end":{"line":151,"column":17}},"loc":{"start":{"line":151,"column":22},"end":{"line":154,"column":2}},"line":151},"17":{"name":"(anonymous_17)","decl":{"start":{"line":152,"column":10},"end":{"line":152,"column":11}},"loc":{"start":{"line":152,"column":16},"end":{"line":152,"column":20}},"line":152},"18":{"name":"(anonymous_18)","decl":{"start":{"line":153,"column":13},"end":{"line":153,"column":14}},"loc":{"start":{"line":153,"column":19},"end":{"line":153,"column":39}},"line":153},"19":{"name":"(anonymous_19)","decl":{"start":{"line":153,"column":27},"end":{"line":153,"column":28}},"loc":{"start":{"line":153,"column":33},"end":{"line":153,"column":38}},"line":153}},"branchMap":{"0":{"loc":{"start":{"line":40,"column":2},"end":{"line":40,"column":58}},"type":"binary-expr","locations":[{"start":{"line":40,"column":2},"end":{"line":40,"column":11}},{"start":{"line":40,"column":15},"end":{"line":40,"column":24}},{"start":{"line":40,"column":28},"end":{"line":40,"column":49}},{"start":{"line":40,"column":53},"end":{"line":40,"column":58}}],"line":40},"1":{"loc":{"start":{"line":43,"column":2},"end":{"line":43,"column":22}},"type":"if","locations":[{"start":{"line":43,"column":2},"end":{"line":43,"column":22}},{"start":{},"end":{}}],"line":43},"2":{"loc":{"start":{"line":77,"column":17},"end":{"line":77,"column":46}},"type":"binary-expr","locations":[{"start":{"line":77,"column":17},"end":{"line":77,"column":22}},{"start":{"line":77,"column":26},"end":{"line":77,"column":46}}],"line":77},"3":{"loc":{"start":{"line":94,"column":2},"end":{"line":94,"column":47}},"type":"if","locations":[{"start":{"line":94,"column":2},"end":{"line":94,"column":47}},{"start":{},"end":{}}],"line":94},"4":{"loc":{"start":{"line":97,"column":2},"end":{"line":97,"column":47}},"type":"if","locations":[{"start":{"line":97,"column":2},"end":{"line":97,"column":47}},{"start":{},"end":{}}],"line":97}},"s":{"0":2,"1":8,"2":0,"3":0,"4":2,"5":3,"6":3,"7":3,"8":0,"9":0,"10":0,"11":0,"12":3,"13":0,"14":0,"15":0,"16":0,"17":2,"18":8,"19":8,"20":1,"21":1,"22":8,"23":0,"24":0,"25":8,"26":2,"27":8,"28":2,"29":8,"30":24,"31":2,"32":8,"33":8,"34":8,"35":3,"36":3,"37":3,"38":0,"39":0,"40":8},"f":{"0":8,"1":0,"2":0,"3":3,"4":0,"5":0,"6":0,"7":0,"8":0,"9":8,"10":1,"11":0,"12":8,"13":8,"14":24,"15":8,"16":3,"17":3,"18":0,"19":0},"b":{"0":[3,0,0,0],"1":[0,0],"2":[3,0],"3":[1,0],"4":[0,0]},"_coverageSchema":"1a1c01bbd47fc00a2c39e90264f33305004495a9","hash":"5b2927dd2a6d9659d5aa0767e8268f9edc622325"}
,"/Users/22060947/Documents/Private/App/surplus_expo/my-app/src/Containers/Login/Login.Container.jsx": {"path":"/Users/22060947/Documents/Private/App/surplus_expo/my-app/src/Containers/Login/Login.Container.jsx","statementMap":{"0":{"start":{"line":8,"column":21},"end":{"line":17,"column":1}},"1":{"start":{"line":20,"column":18},"end":{"line":20,"column":31}},"2":{"start":{"line":21,"column":27},"end":{"line":21,"column":55}},"3":{"start":{"line":22,"column":22},"end":{"line":22,"column":51}},"4":{"start":{"line":22,"column":45},"end":{"line":22,"column":50}},"5":{"start":{"line":23,"column":21},"end":{"line":25,"column":2}},"6":{"start":{"line":24,"column":2},"end":{"line":24,"column":51}},"7":{"start":{"line":24,"column":22},"end":{"line":24,"column":48}},"8":{"start":{"line":27,"column":23},"end":{"line":35,"column":2}},"9":{"start":{"line":28,"column":15},"end":{"line":28,"column":72}},"10":{"start":{"line":28,"column":38},"end":{"line":28,"column":71}},"11":{"start":{"line":29,"column":2},"end":{"line":33,"column":3}},"12":{"start":{"line":30,"column":3},"end":{"line":32,"column":5}},"13":{"start":{"line":34,"column":2},"end":{"line":34,"column":59}},"14":{"start":{"line":38,"column":2},"end":{"line":41,"column":6}},"15":{"start":{"line":38,"column":22},"end":{"line":41,"column":3}},"16":{"start":{"line":44,"column":24},"end":{"line":70,"column":2}},"17":{"start":{"line":45,"column":23},"end":{"line":45,"column":37}},"18":{"start":{"line":46,"column":20},"end":{"line":46,"column":71}},"19":{"start":{"line":46,"column":44},"end":{"line":46,"column":70}},"20":{"start":{"line":47,"column":2},"end":{"line":59,"column":3}},"21":{"start":{"line":48,"column":3},"end":{"line":51,"column":7}},"22":{"start":{"line":48,"column":23},"end":{"line":51,"column":4}},"23":{"start":{"line":52,"column":3},"end":{"line":57,"column":5}},"24":{"start":{"line":58,"column":3},"end":{"line":58,"column":16}},"25":{"start":{"line":61,"column":2},"end":{"line":64,"column":6}},"26":{"start":{"line":61,"column":22},"end":{"line":64,"column":3}},"27":{"start":{"line":65,"column":2},"end":{"line":67,"column":4}},"28":{"start":{"line":68,"column":2},"end":{"line":68,"column":41}},"29":{"start":{"line":69,"column":2},"end":{"line":69,"column":14}},"30":{"start":{"line":73,"column":23},"end":{"line":73,"column":28}},"31":{"start":{"line":74,"column":2},"end":{"line":83,"column":7}},"32":{"start":{"line":75,"column":3},"end":{"line":78,"column":7}},"33":{"start":{"line":75,"column":23},"end":{"line":78,"column":4}},"34":{"start":{"line":80,"column":3},"end":{"line":83,"column":7}},"35":{"start":{"line":80,"column":23},"end":{"line":83,"column":4}},"36":{"start":{"line":86,"column":1},"end":{"line":90,"column":4}},"37":{"start":{"line":86,"column":17},"end":{"line":86,"column":37}},"38":{"start":{"line":92,"column":16},"end":{"line":97,"column":2}},"39":{"start":{"line":99,"column":1},"end":{"line":99,"column":57}}},"fnMap":{"0":{"name":"LoginContainer","decl":{"start":{"line":19,"column":9},"end":{"line":19,"column":23}},"loc":{"start":{"line":19,"column":26},"end":{"line":100,"column":1}},"line":19},"1":{"name":"(anonymous_1)","decl":{"start":{"line":22,"column":34},"end":{"line":22,"column":35}},"loc":{"start":{"line":22,"column":45},"end":{"line":22,"column":50}},"line":22},"2":{"name":"(anonymous_2)","decl":{"start":{"line":23,"column":21},"end":{"line":23,"column":22}},"loc":{"start":{"line":23,"column":38},"end":{"line":25,"column":2}},"line":23},"3":{"name":"(anonymous_3)","decl":{"start":{"line":24,"column":11},"end":{"line":24,"column":12}},"loc":{"start":{"line":24,"column":22},"end":{"line":24,"column":48}},"line":24},"4":{"name":"(anonymous_4)","decl":{"start":{"line":27,"column":23},"end":{"line":27,"column":24}},"loc":{"start":{"line":27,"column":29},"end":{"line":35,"column":2}},"line":27},"5":{"name":"(anonymous_5)","decl":{"start":{"line":28,"column":29},"end":{"line":28,"column":30}},"loc":{"start":{"line":28,"column":38},"end":{"line":28,"column":71}},"line":28},"6":{"name":"setRegisterChange","decl":{"start":{"line":37,"column":10},"end":{"line":37,"column":27}},"loc":{"start":{"line":37,"column":45},"end":{"line":42,"column":2}},"line":37},"7":{"name":"(anonymous_7)","decl":{"start":{"line":38,"column":11},"end":{"line":38,"column":12}},"loc":{"start":{"line":38,"column":22},"end":{"line":41,"column":3}},"line":38},"8":{"name":"(anonymous_8)","decl":{"start":{"line":44,"column":24},"end":{"line":44,"column":25}},"loc":{"start":{"line":44,"column":30},"end":{"line":70,"column":2}},"line":44},"9":{"name":"(anonymous_9)","decl":{"start":{"line":46,"column":35},"end":{"line":46,"column":36}},"loc":{"start":{"line":46,"column":44},"end":{"line":46,"column":70}},"line":46},"10":{"name":"(anonymous_10)","decl":{"start":{"line":48,"column":12},"end":{"line":48,"column":13}},"loc":{"start":{"line":48,"column":23},"end":{"line":51,"column":4}},"line":48},"11":{"name":"(anonymous_11)","decl":{"start":{"line":61,"column":11},"end":{"line":61,"column":12}},"loc":{"start":{"line":61,"column":22},"end":{"line":64,"column":3}},"line":61},"12":{"name":"validationRegister","decl":{"start":{"line":72,"column":10},"end":{"line":72,"column":28}},"loc":{"start":{"line":72,"column":31},"end":{"line":84,"column":2}},"line":72},"13":{"name":"(anonymous_13)","decl":{"start":{"line":75,"column":12},"end":{"line":75,"column":13}},"loc":{"start":{"line":75,"column":23},"end":{"line":78,"column":4}},"line":75},"14":{"name":"(anonymous_14)","decl":{"start":{"line":80,"column":12},"end":{"line":80,"column":13}},"loc":{"start":{"line":80,"column":23},"end":{"line":83,"column":4}},"line":80},"15":{"name":"(anonymous_15)","decl":{"start":{"line":86,"column":11},"end":{"line":86,"column":12}},"loc":{"start":{"line":86,"column":17},"end":{"line":86,"column":37}},"line":86}},"branchMap":{"0":{"loc":{"start":{"line":29,"column":2},"end":{"line":33,"column":3}},"type":"if","locations":[{"start":{"line":29,"column":2},"end":{"line":33,"column":3}},{"start":{},"end":{}}],"line":29},"1":{"loc":{"start":{"line":47,"column":2},"end":{"line":59,"column":3}},"type":"if","locations":[{"start":{"line":47,"column":2},"end":{"line":59,"column":3}},{"start":{},"end":{}}],"line":47},"2":{"loc":{"start":{"line":74,"column":2},"end":{"line":83,"column":7}},"type":"if","locations":[{"start":{"line":74,"column":2},"end":{"line":83,"column":7}},{"start":{"line":80,"column":3},"end":{"line":83,"column":7}}],"line":74}},"s":{"0":1,"1":0,"2":0,"3":0,"4":0,"5":0,"6":0,"7":0,"8":0,"9":0,"10":0,"11":0,"12":0,"13":0,"14":0,"15":0,"16":0,"17":0,"18":0,"19":0,"20":0,"21":0,"22":0,"23":0,"24":0,"25":0,"26":0,"27":0,"28":0,"29":0,"30":0,"31":0,"32":0,"33":0,"34":0,"35":0,"36":0,"37":0,"38":0,"39":0},"f":{"0":0,"1":0,"2":0,"3":0,"4":0,"5":0,"6":0,"7":0,"8":0,"9":0,"10":0,"11":0,"12":0,"13":0,"14":0,"15":0},"b":{"0":[0,0],"1":[0,0],"2":[0,0]},"_coverageSchema":"1a1c01bbd47fc00a2c39e90264f33305004495a9","hash":"9603074d471761d967bec195805216620bc31b28"}
,"/Users/22060947/Documents/Private/App/surplus_expo/my-app/src/Containers/Login/Login.style.js": {"path":"/Users/22060947/Documents/Private/App/surplus_expo/my-app/src/Containers/Login/Login.style.js","statementMap":{"0":{"start":{"line":5,"column":13},"end":{"line":84,"column":2}}},"fnMap":{},"branchMap":{},"s":{"0":2},"f":{},"b":{},"_coverageSchema":"1a1c01bbd47fc00a2c39e90264f33305004495a9","hash":"3cb0fe944e66743746363af0045c88d35fc258d0"}
,"/Users/22060947/Documents/Private/App/surplus_expo/my-app/src/Containers/Login/LoginConfig.js": {"path":"/Users/22060947/Documents/Private/App/surplus_expo/my-app/src/Containers/Login/LoginConfig.js","statementMap":{"0":{"start":{"line":1,"column":23},"end":{"line":17,"column":1}}},"fnMap":{},"branchMap":{},"s":{"0":2},"f":{},"b":{},"_coverageSchema":"1a1c01bbd47fc00a2c39e90264f33305004495a9","hash":"d6ed12f9b53c2f7ca5a846275abecb59da186ad2"}
,"/Users/22060947/Documents/Private/App/surplus_expo/my-app/src/Containers/ProfileContainer/ProfileContainer.jsx": {"path":"/Users/22060947/Documents/Private/App/surplus_expo/my-app/src/Containers/ProfileContainer/ProfileContainer.jsx","statementMap":{"0":{"start":{"line":9,"column":24},"end":{"line":20,"column":1}},"1":{"start":{"line":10,"column":1},"end":{"line":19,"column":19}},"2":{"start":{"line":23,"column":18},"end":{"line":23,"column":47}},"3":{"start":{"line":23,"column":41},"end":{"line":23,"column":46}},"4":{"start":{"line":24,"column":22},"end":{"line":24,"column":26}},"5":{"start":{"line":26,"column":1},"end":{"line":45,"column":3}}},"fnMap":{"0":{"name":"(anonymous_0)","decl":{"start":{"line":9,"column":24},"end":{"line":9,"column":25}},"loc":{"start":{"line":10,"column":1},"end":{"line":19,"column":19}},"line":10},"1":{"name":"ProfileContainer","decl":{"start":{"line":22,"column":9},"end":{"line":22,"column":25}},"loc":{"start":{"line":22,"column":28},"end":{"line":46,"column":1}},"line":22},"2":{"name":"(anonymous_2)","decl":{"start":{"line":23,"column":30},"end":{"line":23,"column":31}},"loc":{"start":{"line":23,"column":41},"end":{"line":23,"column":46}},"line":23}},"branchMap":{},"s":{"0":1,"1":1,"2":1,"3":0,"4":1,"5":1},"f":{"0":1,"1":1,"2":0},"b":{},"_coverageSchema":"1a1c01bbd47fc00a2c39e90264f33305004495a9","hash":"4f2b5f41ba5022858289164d1ad7cf265777e376"}
,"/Users/22060947/Documents/Private/App/surplus_expo/my-app/src/Containers/ProfileContainer/ProfileContainer.style.js": {"path":"/Users/22060947/Documents/Private/App/surplus_expo/my-app/src/Containers/ProfileContainer/ProfileContainer.style.js","statementMap":{"0":{"start":{"line":5,"column":15},"end":{"line":37,"column":2}}},"fnMap":{},"branchMap":{},"s":{"0":1},"f":{},"b":{},"_coverageSchema":"1a1c01bbd47fc00a2c39e90264f33305004495a9","hash":"1ef784c5191a8d45909cf6ff3404a6b18be62c58"}
,"/Users/22060947/Documents/Private/App/surplus_expo/my-app/src/Containers/Registration/RegistrationContainer.jsx": {"path":"/Users/22060947/Documents/Private/App/surplus_expo/my-app/src/Containers/Registration/RegistrationContainer.jsx","statementMap":{"0":{"start":{"line":5,"column":1},"end":{"line":5,"column":43}}},"fnMap":{"0":{"name":"RegistrationContainer","decl":{"start":{"line":4,"column":9},"end":{"line":4,"column":30}},"loc":{"start":{"line":4,"column":33},"end":{"line":6,"column":1}},"line":4}},"branchMap":{},"s":{"0":0},"f":{"0":0},"b":{},"_coverageSchema":"1a1c01bbd47fc00a2c39e90264f33305004495a9","hash":"5166c2856ed5058446aee2cf810d2753d2446dcf"}
,"/Users/22060947/Documents/Private/App/surplus_expo/my-app/src/Navigation/Screens/Screen.jsx": {"path":"/Users/22060947/Documents/Private/App/surplus_expo/my-app/src/Navigation/Screens/Screen.jsx","statementMap":{"0":{"start":{"line":8,"column":14},"end":{"line":8,"column":42}},"1":{"start":{"line":10,"column":21},"end":{"line":19,"column":1}},"2":{"start":{"line":21,"column":26},"end":{"line":30,"column":1}},"3":{"start":{"line":32,"column":25},"end":{"line":45,"column":1}},"4":{"start":{"line":33,"column":1},"end":{"line":44,"column":3}},"5":{"start":{"line":36,"column":4},"end":{"line":41,"column":6}},"6":{"start":{"line":47,"column":32},"end":{"line":58,"column":1}},"7":{"start":{"line":48,"column":1},"end":{"line":57,"column":19}},"8":{"start":{"line":50,"column":3},"end":{"line":55,"column":5}}},"fnMap":{"0":{"name":"(anonymous_0)","decl":{"start":{"line":32,"column":25},"end":{"line":32,"column":26}},"loc":{"start":{"line":32,"column":31},"end":{"line":45,"column":1}},"line":32},"1":{"name":"(anonymous_1)","decl":{"start":{"line":35,"column":21},"end":{"line":35,"column":22}},"loc":{"start":{"line":36,"column":4},"end":{"line":41,"column":6}},"line":36},"2":{"name":"(anonymous_2)","decl":{"start":{"line":47,"column":32},"end":{"line":47,"column":33}},"loc":{"start":{"line":48,"column":1},"end":{"line":57,"column":19}},"line":48},"3":{"name":"(anonymous_3)","decl":{"start":{"line":49,"column":25},"end":{"line":49,"column":26}},"loc":{"start":{"line":50,"column":3},"end":{"line":55,"column":5}},"line":50}},"branchMap":{},"s":{"0":1,"1":1,"2":1,"3":1,"4":0,"5":0,"6":1,"7":0,"8":0},"f":{"0":0,"1":0,"2":0,"3":0},"b":{},"_coverageSchema":"1a1c01bbd47fc00a2c39e90264f33305004495a9","hash":"8408642af1a4e3e4ade97e223f57c799f4db1cf2"}
,"/Users/22060947/Documents/Private/App/surplus_expo/my-app/src/Redux/Features/Auth/AuthFeature.js": {"path":"/Users/22060947/Documents/Private/App/surplus_expo/my-app/src/Redux/Features/Auth/AuthFeature.js","statementMap":{"0":{"start":{"line":3,"column":21},"end":{"line":7,"column":1}},"1":{"start":{"line":9,"column":25},"end":{"line":19,"column":2}},"2":{"start":{"line":14,"column":23},"end":{"line":14,"column":30}},"3":{"start":{"line":15,"column":3},"end":{"line":15,"column":78}},"4":{"start":{"line":17,"column":20},"end":{"line":17,"column":32}},"5":{"start":{"line":21,"column":41},"end":{"line":21,"column":58}}},"fnMap":{"0":{"name":"(anonymous_0)","decl":{"start":{"line":13,"column":13},"end":{"line":13,"column":14}},"loc":{"start":{"line":13,"column":33},"end":{"line":16,"column":3}},"line":13},"1":{"name":"(anonymous_1)","decl":{"start":{"line":17,"column":14},"end":{"line":17,"column":15}},"loc":{"start":{"line":17,"column":20},"end":{"line":17,"column":32}},"line":17}},"branchMap":{},"s":{"0":3,"1":3,"2":1,"3":1,"4":1,"5":3},"f":{"0":1,"1":1},"b":{},"_coverageSchema":"1a1c01bbd47fc00a2c39e90264f33305004495a9","hash":"2de253759c9d5be1e0fa9d702acf2290040c05ce"}
,"/Users/22060947/Documents/Private/App/surplus_expo/my-app/src/Redux/Features/Notification/NotificationFeature.js": {"path":"/Users/22060947/Documents/Private/App/surplus_expo/my-app/src/Redux/Features/Notification/NotificationFeature.js","statementMap":{"0":{"start":{"line":4,"column":21},"end":{"line":8,"column":1}},"1":{"start":{"line":10,"column":32},"end":{"line":10,"column":71}},"2":{"start":{"line":12,"column":33},"end":{"line":27,"column":2}},"3":{"start":{"line":17,"column":23},"end":{"line":17,"column":30}},"4":{"start":{"line":18,"column":16},"end":{"line":18,"column":44}},"5":{"start":{"line":19,"column":19},"end":{"line":19,"column":46}},"6":{"start":{"line":21,"column":3},"end":{"line":21,"column":61}},"7":{"start":{"line":21,"column":41},"end":{"line":21,"column":61}},"8":{"start":{"line":23,"column":3},"end":{"line":23,"column":42}},"9":{"start":{"line":25,"column":28},"end":{"line":25,"column":40}},"10":{"start":{"line":32,"column":4},"end":{"line":32,"column":29}}},"fnMap":{"0":{"name":"(anonymous_0)","decl":{"start":{"line":16,"column":20},"end":{"line":16,"column":21}},"loc":{"start":{"line":16,"column":40},"end":{"line":24,"column":3}},"line":16},"1":{"name":"(anonymous_1)","decl":{"start":{"line":25,"column":22},"end":{"line":25,"column":23}},"loc":{"start":{"line":25,"column":28},"end":{"line":25,"column":40}},"line":25}},"branchMap":{"0":{"loc":{"start":{"line":21,"column":3},"end":{"line":21,"column":61}},"type":"if","locations":[{"start":{"line":21,"column":3},"end":{"line":21,"column":61}},{"start":{},"end":{}}],"line":21}},"s":{"0":2,"1":2,"2":2,"3":2,"4":2,"5":2,"6":2,"7":1,"8":1,"9":1,"10":2},"f":{"0":2,"1":1},"b":{"0":[1,1]},"_coverageSchema":"1a1c01bbd47fc00a2c39e90264f33305004495a9","hash":"c8b1b26710f4ec9eb88803060bbed0a28141f711"}
,"/Users/22060947/Documents/Private/App/surplus_expo/my-app/src/Redux/Features/Users/Users.js": {"path":"/Users/22060947/Documents/Private/App/surplus_expo/my-app/src/Redux/Features/Users/Users.js","statementMap":{"0":{"start":{"line":3,"column":21},"end":{"line":3,"column":23}},"1":{"start":{"line":5,"column":29},"end":{"line":14,"column":2}},"2":{"start":{"line":10,"column":23},"end":{"line":10,"column":30}},"3":{"start":{"line":11,"column":3},"end":{"line":11,"column":37}},"4":{"start":{"line":16,"column":32},"end":{"line":16,"column":53}}},"fnMap":{"0":{"name":"(anonymous_0)","decl":{"start":{"line":9,"column":16},"end":{"line":9,"column":17}},"loc":{"start":{"line":9,"column":36},"end":{"line":12,"column":3}},"line":9}},"branchMap":{},"s":{"0":2,"1":2,"2":1,"3":1,"4":2},"f":{"0":1},"b":{},"_coverageSchema":"1a1c01bbd47fc00a2c39e90264f33305004495a9","hash":"8e08d11bf838efffeab3caca8038c3c76e92e3a4"}
,"/Users/22060947/Documents/Private/App/surplus_expo/my-app/src/Utils/Constants/Constants.js": {"path":"/Users/22060947/Documents/Private/App/surplus_expo/my-app/src/Utils/Constants/Constants.js","statementMap":{"0":{"start":{"line":3,"column":18},"end":{"line":11,"column":1}}},"fnMap":{},"branchMap":{},"s":{"0":13},"f":{},"b":{},"_coverageSchema":"1a1c01bbd47fc00a2c39e90264f33305004495a9","hash":"ce5147d58c908885858fb34393e9f837a12ff1ee"}
,"/Users/22060947/Documents/Private/App/surplus_expo/my-app/src/Utils/Interceptor/AxiosInterceptor.js": {"path":"/Users/22060947/Documents/Private/App/surplus_expo/my-app/src/Utils/Interceptor/AxiosInterceptor.js","statementMap":{"0":{"start":{"line":5,"column":17},"end":{"line":5,"column":31}},"1":{"start":{"line":7,"column":0},"end":{"line":17,"column":2}},"2":{"start":{"line":10,"column":2},"end":{"line":10,"column":16}},"3":{"start":{"line":15,"column":2},"end":{"line":15,"column":31}},"4":{"start":{"line":20,"column":0},"end":{"line":31,"column":2}},"5":{"start":{"line":24,"column":2},"end":{"line":24,"column":18}},"6":{"start":{"line":29,"column":2},"end":{"line":29,"column":31}}},"fnMap":{"0":{"name":"(anonymous_0)","decl":{"start":{"line":8,"column":1},"end":{"line":8,"column":2}},"loc":{"start":{"line":8,"column":19},"end":{"line":11,"column":2}},"line":8},"1":{"name":"(anonymous_1)","decl":{"start":{"line":12,"column":1},"end":{"line":12,"column":2}},"loc":{"start":{"line":12,"column":18},"end":{"line":16,"column":2}},"line":12},"2":{"name":"(anonymous_2)","decl":{"start":{"line":21,"column":1},"end":{"line":21,"column":2}},"loc":{"start":{"line":21,"column":21},"end":{"line":25,"column":2}},"line":21},"3":{"name":"(anonymous_3)","decl":{"start":{"line":26,"column":1},"end":{"line":26,"column":2}},"loc":{"start":{"line":26,"column":18},"end":{"line":30,"column":2}},"line":26}},"branchMap":{},"s":{"0":2,"1":2,"2":0,"3":0,"4":2,"5":0,"6":0},"f":{"0":0,"1":0,"2":0,"3":0},"b":{},"_coverageSchema":"1a1c01bbd47fc00a2c39e90264f33305004495a9","hash":"8a10730ca41cc58e9adeac868e373c912df4053d"}
,"/Users/22060947/Documents/Private/App/surplus_expo/my-app/src/Utils/Scale/Scale.js": {"path":"/Users/22060947/Documents/Private/App/surplus_expo/my-app/src/Utils/Scale/Scale.js","statementMap":{"0":{"start":{"line":4,"column":19},"end":{"line":9,"column":1}},"1":{"start":{"line":5,"column":21},"end":{"line":5,"column":51}},"2":{"start":{"line":6,"column":15},"end":{"line":6,"column":32}},"3":{"start":{"line":8,"column":1},"end":{"line":8,"column":54}},"4":{"start":{"line":12,"column":20},"end":{"line":17,"column":1}},"5":{"start":{"line":13,"column":22},"end":{"line":13,"column":53}},"6":{"start":{"line":14,"column":15},"end":{"line":14,"column":33}},"7":{"start":{"line":16,"column":1},"end":{"line":16,"column":55}},"8":{"start":{"line":19,"column":18},"end":{"line":25,"column":1}},"9":{"start":{"line":20,"column":21},"end":{"line":20,"column":51}},"10":{"start":{"line":21,"column":15},"end":{"line":21,"column":32}},"11":{"start":{"line":23,"column":17},"end":{"line":23,"column":33}},"12":{"start":{"line":24,"column":1},"end":{"line":24,"column":48}},"13":{"start":{"line":27,"column":18},"end":{"line":32,"column":1}},"14":{"start":{"line":28,"column":21},"end":{"line":28,"column":51}},"15":{"start":{"line":29,"column":15},"end":{"line":29,"column":32}},"16":{"start":{"line":31,"column":1},"end":{"line":31,"column":53}}},"fnMap":{"0":{"name":"(anonymous_0)","decl":{"start":{"line":4,"column":19},"end":{"line":4,"column":20}},"loc":{"start":{"line":4,"column":30},"end":{"line":9,"column":1}},"line":4},"1":{"name":"(anonymous_1)","decl":{"start":{"line":12,"column":20},"end":{"line":12,"column":21}},"loc":{"start":{"line":12,"column":32},"end":{"line":17,"column":1}},"line":12},"2":{"name":"(anonymous_2)","decl":{"start":{"line":19,"column":18},"end":{"line":19,"column":19}},"loc":{"start":{"line":19,"column":32},"end":{"line":25,"column":1}},"line":19},"3":{"name":"(anonymous_3)","decl":{"start":{"line":27,"column":18},"end":{"line":27,"column":19}},"loc":{"start":{"line":27,"column":28},"end":{"line":32,"column":1}},"line":27}},"branchMap":{},"s":{"0":12,"1":34,"2":34,"3":34,"4":12,"5":64,"6":64,"7":64,"8":12,"9":28,"10":28,"11":28,"12":28,"13":12,"14":39,"15":39,"16":39},"f":{"0":34,"1":64,"2":28,"3":39},"b":{},"_coverageSchema":"1a1c01bbd47fc00a2c39e90264f33305004495a9","hash":"67f93e1b2baca8bf7539a326acd7c243c62d8480"}
}
