{"/Users/22060947/Documents/Private/App/surplus_expo/my-app/src/Components/SearchComponent/Styles.js": {"path":"/Users/22060947/Documents/Private/App/surplus_expo/my-app/src/Components/SearchComponent/Styles.js","statementMap":{"0":{"start":{"line":4,"column":15},"end":{"line":25,"column":2}}},"fnMap":{},"branchMap":{},"s":{"0":0},"f":{},"b":{}}
,"/Users/22060947/Documents/Private/App/surplus_expo/my-app/src/Containers/RootContainer/index.js": {"path":"/Users/22060947/Documents/Private/App/surplus_expo/my-app/src/Containers/RootContainer/index.js","statementMap":{"0":{"start":{"line":4,"column":2},"end":{"line":4,"column":14}}},"fnMap":{"0":{"name":"RootContainer","decl":{"start":{"line":3,"column":16},"end":{"line":3,"column":29}},"loc":{"start":{"line":3,"column":44},"end":{"line":5,"column":1}},"line":3}},"branchMap":{},"s":{"0":0},"f":{"0":0},"b":{}}
,"/Users/22060947/Documents/Private/App/surplus_expo/my-app/src/Navigation/Screens/Screen.jsx": {"path":"/Users/22060947/Documents/Private/App/surplus_expo/my-app/src/Navigation/Screens/Screen.jsx","statementMap":{"0":{"start":{"line":5,"column":21},"end":{"line":18,"column":1}}},"fnMap":{},"branchMap":{},"s":{"0":0},"f":{},"b":{},"inputSourceMap":null}
,"/Users/22060947/Documents/Private/App/surplus_expo/my-app/src/Redux/Features/Auth/AuthFeature.js": {"path":"/Users/22060947/Documents/Private/App/surplus_expo/my-app/src/Redux/Features/Auth/AuthFeature.js","statementMap":{"0":{"start":{"line":3,"column":21},"end":{"line":7,"column":1}},"1":{"start":{"line":9,"column":25},"end":{"line":19,"column":2}},"2":{"start":{"line":14,"column":23},"end":{"line":14,"column":30}},"3":{"start":{"line":15,"column":3},"end":{"line":15,"column":78}},"4":{"start":{"line":17,"column":20},"end":{"line":17,"column":32}},"5":{"start":{"line":21,"column":41},"end":{"line":21,"column":58}}},"fnMap":{"0":{"name":"(anonymous_0)","decl":{"start":{"line":13,"column":13},"end":{"line":13,"column":14}},"loc":{"start":{"line":13,"column":33},"end":{"line":16,"column":3}},"line":13},"1":{"name":"(anonymous_1)","decl":{"start":{"line":17,"column":14},"end":{"line":17,"column":15}},"loc":{"start":{"line":17,"column":20},"end":{"line":17,"column":32}},"line":17}},"branchMap":{},"s":{"0":0,"1":0,"2":0,"3":0,"4":0,"5":0},"f":{"0":0,"1":0},"b":{}}
,"/Users/22060947/Documents/Private/App/surplus_expo/my-app/src/Redux/Features/Notification/NotificationFeature.js": {"path":"/Users/22060947/Documents/Private/App/surplus_expo/my-app/src/Redux/Features/Notification/NotificationFeature.js","statementMap":{"0":{"start":{"line":5,"column":21},"end":{"line":9,"column":1}},"1":{"start":{"line":11,"column":32},"end":{"line":16,"column":1}},"2":{"start":{"line":18,"column":33},"end":{"line":33,"column":2}},"3":{"start":{"line":23,"column":26},"end":{"line":23,"column":33}},"4":{"start":{"line":24,"column":19},"end":{"line":24,"column":47}},"5":{"start":{"line":25,"column":22},"end":{"line":25,"column":49}},"6":{"start":{"line":27,"column":6},"end":{"line":27,"column":64}},"7":{"start":{"line":27,"column":44},"end":{"line":27,"column":64}},"8":{"start":{"line":29,"column":6},"end":{"line":29,"column":45}},"9":{"start":{"line":31,"column":30},"end":{"line":31,"column":42}},"10":{"start":{"line":35,"column":56},"end":{"line":35,"column":81}}},"fnMap":{"0":{"name":"(anonymous_0)","decl":{"start":{"line":22,"column":22},"end":{"line":22,"column":23}},"loc":{"start":{"line":22,"column":42},"end":{"line":30,"column":5}},"line":22},"1":{"name":"(anonymous_1)","decl":{"start":{"line":31,"column":24},"end":{"line":31,"column":25}},"loc":{"start":{"line":31,"column":30},"end":{"line":31,"column":42}},"line":31}},"branchMap":{"0":{"loc":{"start":{"line":27,"column":6},"end":{"line":27,"column":64}},"type":"if","locations":[{"start":{"line":27,"column":6},"end":{"line":27,"column":64}},{"start":{},"end":{}}],"line":27}},"s":{"0":0,"1":0,"2":0,"3":0,"4":0,"5":0,"6":0,"7":0,"8":0,"9":0,"10":0},"f":{"0":0,"1":0},"b":{"0":[0,0]}}
,"/Users/22060947/Documents/Private/App/surplus_expo/my-app/src/Redux/Store/index.js": {"path":"/Users/22060947/Documents/Private/App/surplus_expo/my-app/src/Redux/Store/index.js","statementMap":{},"fnMap":{},"branchMap":{},"s":{},"f":{},"b":{}}
,"/Users/22060947/Documents/Private/App/surplus_expo/my-app/src/Utils/Constants/Constants.js": {"path":"/Users/22060947/Documents/Private/App/surplus_expo/my-app/src/Utils/Constants/Constants.js","statementMap":{"0":{"start":{"line":1,"column":18},"end":{"line":5,"column":1}}},"fnMap":{},"branchMap":{},"s":{"0":0},"f":{},"b":{}}
,"/Users/22060947/Documents/Private/App/surplus_expo/my-app/src/Utils/Scale/Scale.js": {"path":"/Users/22060947/Documents/Private/App/surplus_expo/my-app/src/Utils/Scale/Scale.js","statementMap":{"0":{"start":{"line":4,"column":19},"end":{"line":9,"column":1}},"1":{"start":{"line":5,"column":21},"end":{"line":5,"column":51}},"2":{"start":{"line":6,"column":15},"end":{"line":6,"column":32}},"3":{"start":{"line":8,"column":1},"end":{"line":8,"column":54}},"4":{"start":{"line":12,"column":20},"end":{"line":17,"column":1}},"5":{"start":{"line":13,"column":22},"end":{"line":13,"column":53}},"6":{"start":{"line":14,"column":15},"end":{"line":14,"column":33}},"7":{"start":{"line":16,"column":1},"end":{"line":16,"column":55}},"8":{"start":{"line":19,"column":18},"end":{"line":25,"column":1}},"9":{"start":{"line":20,"column":21},"end":{"line":20,"column":51}},"10":{"start":{"line":21,"column":15},"end":{"line":21,"column":32}},"11":{"start":{"line":23,"column":17},"end":{"line":23,"column":33}},"12":{"start":{"line":24,"column":1},"end":{"line":24,"column":48}},"13":{"start":{"line":27,"column":18},"end":{"line":32,"column":1}},"14":{"start":{"line":28,"column":21},"end":{"line":28,"column":51}},"15":{"start":{"line":29,"column":15},"end":{"line":29,"column":32}},"16":{"start":{"line":31,"column":1},"end":{"line":31,"column":53}}},"fnMap":{"0":{"name":"(anonymous_0)","decl":{"start":{"line":4,"column":19},"end":{"line":4,"column":20}},"loc":{"start":{"line":4,"column":30},"end":{"line":9,"column":1}},"line":4},"1":{"name":"(anonymous_1)","decl":{"start":{"line":12,"column":20},"end":{"line":12,"column":21}},"loc":{"start":{"line":12,"column":32},"end":{"line":17,"column":1}},"line":12},"2":{"name":"(anonymous_2)","decl":{"start":{"line":19,"column":18},"end":{"line":19,"column":19}},"loc":{"start":{"line":19,"column":32},"end":{"line":25,"column":1}},"line":19},"3":{"name":"(anonymous_3)","decl":{"start":{"line":27,"column":18},"end":{"line":27,"column":19}},"loc":{"start":{"line":27,"column":28},"end":{"line":32,"column":1}},"line":27}},"branchMap":{},"s":{"0":0,"1":0,"2":0,"3":0,"4":0,"5":0,"6":0,"7":0,"8":0,"9":0,"10":0,"11":0,"12":0,"13":0,"14":0,"15":0,"16":0},"f":{"0":0,"1":0,"2":0,"3":0},"b":{}}
}
