TN:
SF:src/Assets/index.js
FNF:0
FNH:0
DA:3,13
LF:1
LH:1
BRF:0
BRH:0
end_of_record
TN:
SF:src/Components/BottomSheetComponent/BottomSheetComponent.jsx
FN:6,(anonymous_0)
FN:9,(anonymous_1)
FNF:2
FNH:2
FNDA:9,(anonymous_0)
FNDA:9,(anonymous_1)
DA:6,3
DA:7,9
DA:9,9
DA:10,9
DA:11,4
DA:15,9
DA:27,3
LF:7
LH:7
BRDA:10,0,0,4
BRDA:10,0,1,5
BRF:2
BRH:2
end_of_record
TN:
SF:src/Components/ButtonComponent/ButtonComponent.Style.js
FN:7,(anonymous_0)
FNF:1
FNH:0
FNDA:0,(anonymous_0)
DA:4,3
DA:7,0
LF:2
LH:1
BRDA:7,0,0,0
BRDA:7,0,1,0
BRF:2
BRH:0
end_of_record
TN:
SF:src/Components/ButtonComponent/ButtonComponent.jsx
FN:10,(anonymous_0)
FN:13,(anonymous_1)
FN:25,(anonymous_2)
FNF:3
FNH:3
FNDA:14,(anonymous_0)
FNDA:1,(anonymous_1)
FNDA:1,(anonymous_2)
DA:6,3
DA:10,3
DA:11,14
DA:13,14
DA:14,1
DA:26,1
DA:27,1
DA:32,14
DA:36,14
DA:53,3
LF:10
LH:10
BRDA:26,0,0,1
BRDA:26,0,1,0
BRF:2
BRH:1
end_of_record
TN:
SF:src/Components/DropDownComponent/DropDownComponent.jsx
FN:13,(anonymous_0)
FN:24,(anonymous_1)
FN:28,(anonymous_2)
FN:102,(anonymous_3)
FN:103,(anonymous_4)
FN:104,(anonymous_5)
FN:108,(anonymous_6)
FN:136,(anonymous_7)
FN:139,(anonymous_8)
FN:194,(anonymous_9)
FNF:10
FNH:6
FNDA:2,(anonymous_0)
FNDA:2,(anonymous_1)
FNDA:2,(anonymous_2)
FNDA:0,(anonymous_3)
FNDA:0,(anonymous_4)
FNDA:0,(anonymous_5)
FNDA:4,(anonymous_6)
FNDA:2,(anonymous_7)
FNDA:2,(anonymous_8)
FNDA:0,(anonymous_9)
DA:11,4
DA:13,4
DA:21,2
DA:22,2
DA:24,2
DA:25,2
DA:28,2
DA:29,2
DA:30,0
DA:36,2
DA:39,2
DA:85,2
DA:102,0
DA:103,0
DA:105,0
DA:106,0
DA:109,4
DA:123,4
DA:136,4
DA:137,2
DA:139,2
DA:140,2
DA:143,2
DA:177,2
DA:195,0
DA:201,4
LF:26
LH:20
BRDA:29,0,0,0
BRDA:29,0,1,2
BRDA:29,1,0,2
BRDA:29,1,1,2
BRDA:31,2,0,0
BRDA:31,2,1,0
BRDA:32,3,0,0
BRDA:32,3,1,0
BRDA:46,4,0,2
BRDA:46,4,1,0
BRDA:47,5,0,2
BRDA:47,5,1,2
BRDA:48,6,0,2
BRDA:48,6,1,2
BRDA:49,7,0,2
BRDA:49,7,1,2
BRDA:68,8,0,2
BRDA:68,8,1,2
BRDA:72,9,0,2
BRDA:72,9,1,2
BRDA:89,10,0,2
BRDA:89,10,1,0
BRDA:99,11,0,2
BRDA:99,11,1,0
BRDA:111,12,0,0
BRDA:111,12,1,4
BRF:26
BRH:17
end_of_record
TN:
SF:src/Components/FilterComponent/FilterComponent.Style.js
FNF:0
FNH:0
DA:4,4
LF:1
LH:1
BRF:0
BRH:0
end_of_record
TN:
SF:src/Components/FilterComponent/FilterComponent.jsx
FN:10,(anonymous_0)
FN:18,(anonymous_1)
FN:24,(anonymous_2)
FNF:3
FNH:3
FNDA:2,(anonymous_0)
FNDA:2,(anonymous_1)
FNDA:2,(anonymous_2)
DA:10,4
DA:11,2
DA:18,2
DA:24,2
DA:32,4
LF:5
LH:5
BRF:0
BRH:0
end_of_record
TN:
SF:src/Components/FilterComponent/FilterConfig.js
FNF:0
FNH:0
DA:1,4
DA:43,4
LF:2
LH:2
BRF:0
BRH:0
end_of_record
TN:
SF:src/Components/InputText/InputText.Style.js
FNF:0
FNH:0
DA:4,3
LF:1
LH:1
BRF:0
BRH:0
end_of_record
TN:
SF:src/Components/InputText/InputText.jsx
FN:8,(anonymous_0)
FN:20,(anonymous_1)
FN:25,(anonymous_2)
FN:51,(anonymous_3)
FNF:4
FNH:1
FNDA:19,(anonymous_0)
FNDA:0,(anonymous_1)
FNDA:0,(anonymous_2)
FNDA:0,(anonymous_3)
DA:6,3
DA:8,3
DA:16,19
DA:17,19
DA:18,19
DA:20,19
DA:21,0
DA:22,0
DA:25,19
DA:26,0
DA:27,0
DA:28,0
DA:33,19
DA:51,0
DA:58,3
LF:15
LH:9
BRDA:14,0,0,19
BRDA:18,1,0,0
BRDA:18,1,1,19
BRDA:27,2,0,0
BRDA:27,2,1,0
BRDA:29,3,0,0
BRDA:29,3,1,0
BRDA:29,4,0,0
BRDA:29,4,1,0
BRDA:47,5,0,0
BRDA:47,5,1,19
BRDA:53,6,0,0
BRDA:53,6,1,19
BRF:13
BRH:4
end_of_record
TN:
SF:src/Components/SearchComponent/SearchComponent.jsx
FN:9,(anonymous_0)
FN:22,(anonymous_1)
FN:32,SearchComponent
FNF:3
FNH:3
FNDA:5,(anonymous_0)
FNDA:5,(anonymous_1)
FNDA:5,SearchComponent
DA:9,4
DA:10,5
DA:22,4
DA:23,5
DA:33,5
DA:43,4
LF:6
LH:6
BRF:0
BRH:0
end_of_record
TN:
SF:src/Components/SearchComponent/Styles.js
FNF:0
FNH:0
DA:5,4
LF:1
LH:1
BRF:0
BRH:0
end_of_record
TN:
SF:src/Components/TextComponent/TextComponent.jsx
FN:5,(anonymous_0)
FNF:1
FNH:1
FNDA:1,(anonymous_0)
DA:5,1
DA:6,1
DA:8,1
DA:11,1
DA:17,1
LF:5
LH:5
BRDA:6,0,0,0
BRDA:6,0,1,1
BRF:2
BRH:1
end_of_record
TN:
SF:src/Components/ToastComponent/ToastComponent.jsx
FN:7,ToastComponent
FN:8,(anonymous_1)
FN:16,(anonymous_2)
FN:20,(anonymous_3)
FN:27,(anonymous_4)
FN:30,(anonymous_5)
FNF:6
FNH:2
FNDA:3,ToastComponent
FNDA:3,(anonymous_1)
FNDA:0,(anonymous_2)
FNDA:0,(anonymous_3)
FNDA:0,(anonymous_4)
FNDA:0,(anonymous_5)
DA:8,3
DA:9,3
DA:11,3
DA:12,3
DA:13,3
DA:14,3
DA:16,3
DA:17,0
DA:20,3
DA:21,0
DA:27,3
DA:28,0
DA:30,0
DA:33,2
LF:14
LH:10
BRDA:17,0,0,0
BRDA:17,0,1,0
BRF:2
BRH:0
end_of_record
TN:
SF:src/Containers/AuthWrapper/AuthWrapper.jsx
FN:12,(anonymous_0)
FN:13,(anonymous_1)
FN:17,(anonymous_2)
FN:21,(anonymous_3)
FN:36,(anonymous_4)
FN:39,(anonymous_5)
FN:40,(anonymous_6)
FNF:7
FNH:4
FNDA:3,(anonymous_0)
FNDA:0,(anonymous_1)
FNDA:1,(anonymous_2)
FNDA:1,(anonymous_3)
FNDA:1,(anonymous_4)
FNDA:0,(anonymous_5)
FNDA:0,(anonymous_6)
DA:12,1
DA:13,3
DA:14,3
DA:15,3
DA:17,3
DA:19,2
DA:21,2
DA:22,1
DA:36,2
DA:37,1
DA:39,0
DA:42,0
DA:43,0
DA:44,0
DA:45,0
DA:49,0
DA:73,2
LF:17
LH:11
BRDA:42,0,0,0
BRDA:42,0,1,0
BRDA:43,1,0,0
BRDA:43,1,1,0
BRDA:44,2,0,0
BRDA:44,2,1,0
BRDA:45,3,0,0
BRDA:45,3,1,0
BRDA:73,4,0,1
BRDA:73,4,1,1
BRF:10
BRH:2
end_of_record
TN:
SF:src/Containers/DetailsContainer/DetailsContainer.Style.js
FNF:0
FNH:0
DA:5,2
LF:1
LH:1
BRF:0
BRH:0
end_of_record
TN:
SF:src/Containers/DetailsContainer/DetailsContainer.jsx
FN:11,(anonymous_0)
FN:26,(anonymous_1)
FN:36,(anonymous_2)
FN:42,DetailsContainer
FNF:4
FNH:4
FNDA:1,(anonymous_0)
FNDA:1,(anonymous_1)
FNDA:1,(anonymous_2)
FNDA:1,DetailsContainer
DA:11,2
DA:12,1
DA:26,2
DA:27,1
DA:36,2
DA:37,1
DA:43,1
DA:44,1
DA:45,1
DA:47,1
DA:57,2
LF:11
LH:11
BRF:0
BRH:0
end_of_record
TN:
SF:src/Containers/Feeds/Feeds.Style.js
FN:7,(anonymous_0)
FNF:1
FNH:1
FNDA:6,(anonymous_0)
DA:5,4
DA:7,6
LF:2
LH:2
BRDA:9,0,0,6
BRDA:9,0,1,0
BRF:2
BRH:1
end_of_record
TN:
SF:src/Containers/Feeds/Feeds.jsx
FN:6,(anonymous_0)
FN:10,(anonymous_1)
FN:19,FeedsComponent
FN:22,(anonymous_3)
FNF:4
FNH:4
FNDA:6,(anonymous_0)
FNDA:1,(anonymous_1)
FNDA:3,FeedsComponent
FNDA:6,(anonymous_3)
DA:6,4
DA:7,6
DA:10,1
DA:20,3
DA:23,6
DA:25,6
DA:35,4
LF:7
LH:7
BRF:0
BRH:0
end_of_record
TN:
SF:src/Containers/Highlight/HighlightComponent.Style.js
FNF:0
FNH:0
DA:5,4
LF:1
LH:1
BRF:0
BRH:0
end_of_record
TN:
SF:src/Containers/Highlight/HighlightComponent.jsx
FN:6,(anonymous_0)
FN:19,HighlightComponent
FN:28,(anonymous_2)
FNF:3
FNH:3
FNDA:6,(anonymous_0)
FNDA:3,HighlightComponent
FNDA:6,(anonymous_2)
DA:6,4
DA:7,6
DA:20,3
DA:28,6
DA:35,4
LF:5
LH:5
BRDA:9,0,0,6
BRDA:9,0,1,0
BRF:2
BRH:1
end_of_record
TN:
SF:src/Containers/HomeContainer/HomeComponent.Style.js
FNF:0
FNH:0
DA:9,3
LF:1
LH:1
BRF:0
BRH:0
end_of_record
TN:
SF:src/Containers/HomeContainer/HomeComponent.jsx
FN:23,(anonymous_0)
FN:49,(anonymous_1)
FN:49,(anonymous_2)
FN:61,(anonymous_3)
FN:66,(anonymous_4)
FN:76,(anonymous_5)
FN:79,(anonymous_6)
FN:89,(anonymous_7)
FN:93,(anonymous_8)
FN:94,(anonymous_9)
FN:100,(anonymous_10)
FN:109,(anonymous_11)
FN:127,(anonymous_12)
FN:128,(anonymous_13)
FN:131,(anonymous_14)
FNF:15
FNH:10
FNDA:1,(anonymous_0)
FNDA:0,(anonymous_1)
FNDA:0,(anonymous_2)
FNDA:1,(anonymous_3)
FNDA:1,(anonymous_4)
FNDA:1,(anonymous_5)
FNDA:0,(anonymous_6)
FNDA:1,(anonymous_7)
FNDA:1,(anonymous_8)
FNDA:1,(anonymous_9)
FNDA:0,(anonymous_10)
FNDA:0,(anonymous_11)
FNDA:1,(anonymous_12)
FNDA:1,(anonymous_13)
FNDA:1,(anonymous_14)
DA:23,3
DA:24,1
DA:25,1
DA:27,1
DA:49,0
DA:61,3
DA:62,1
DA:66,3
DA:67,1
DA:76,3
DA:77,1
DA:79,0
DA:89,3
DA:90,1
DA:91,1
DA:92,1
DA:93,1
DA:94,1
DA:97,1
DA:100,1
DA:101,0
DA:102,0
DA:104,0
DA:105,0
DA:106,0
DA:108,0
DA:109,0
DA:113,0
DA:115,0
DA:117,1
DA:121,1
DA:126,1
DA:127,1
DA:128,1
DA:131,1
DA:132,1
DA:139,1
LF:37
LH:26
BRDA:44,0,0,1
BRDA:44,0,1,0
BRDA:98,1,0,1
BRDA:98,1,1,0
BRDA:98,2,0,1
BRDA:98,2,1,1
BRDA:104,3,0,0
BRDA:104,3,1,0
BRDA:115,4,0,0
BRDA:115,4,1,0
BRDA:133,5,0,1
BRDA:133,5,1,0
BRDA:133,6,0,1
BRDA:133,6,1,1
BRF:14
BRH:7
end_of_record
TN:
SF:src/Containers/HomeContainer/HomeContainer.jsx
FN:21,HomeContainer
FN:25,(anonymous_1)
FN:27,(anonymous_2)
FN:28,(anonymous_3)
FN:30,(anonymous_4)
FN:33,(anonymous_5)
FN:43,(anonymous_6)
FN:52,(anonymous_7)
FN:59,(anonymous_8)
FN:64,SelectFilter
FN:65,(anonymous_10)
FN:67,Logout
FN:70,LoadMore
FN:71,(anonymous_13)
FN:73,Search
FN:75,(anonymous_15)
FN:80,GoToDetails
FN:84,(anonymous_17)
FN:88,(anonymous_18)
FN:92,(anonymous_19)
FNF:20
FNH:1
FNDA:7,HomeContainer
FNDA:0,(anonymous_1)
FNDA:0,(anonymous_2)
FNDA:0,(anonymous_3)
FNDA:0,(anonymous_4)
FNDA:0,(anonymous_5)
FNDA:0,(anonymous_6)
FNDA:0,(anonymous_7)
FNDA:0,(anonymous_8)
FNDA:0,SelectFilter
FNDA:0,(anonymous_10)
FNDA:0,Logout
FNDA:0,LoadMore
FNDA:0,(anonymous_13)
FNDA:0,Search
FNDA:0,(anonymous_15)
FNDA:0,GoToDetails
FNDA:0,(anonymous_17)
FNDA:0,(anonymous_18)
FNDA:0,(anonymous_19)
DA:10,2
DA:19,2
DA:22,7
DA:23,7
DA:24,7
DA:25,7
DA:27,0
DA:28,0
DA:29,0
DA:30,0
DA:33,0
DA:34,0
DA:35,0
DA:36,0
DA:38,0
DA:39,0
DA:42,0
DA:43,0
DA:49,0
DA:52,0
DA:53,0
DA:54,0
DA:56,0
DA:57,0
DA:58,0
DA:59,0
DA:61,0
DA:65,0
DA:68,0
DA:71,0
DA:74,0
DA:75,0
DA:76,0
DA:78,0
DA:81,0
DA:84,0
DA:85,0
DA:88,0
DA:89,0
DA:92,0
DA:93,0
DA:96,0
DA:98,0
DA:103,2
LF:44
LH:7
BRDA:35,0,0,0
BRDA:35,0,1,0
BRDA:36,1,0,0
BRDA:36,1,1,0
BRDA:53,2,0,0
BRDA:53,2,1,0
BRDA:54,3,0,0
BRDA:54,3,1,0
BRF:8
BRH:0
end_of_record
TN:
SF:src/Containers/Login/Login.Component.jsx
FN:11,(anonymous_0)
FN:15,(anonymous_1)
FN:19,(anonymous_2)
FN:32,(anonymous_3)
FN:41,(anonymous_4)
FN:49,(anonymous_5)
FN:61,(anonymous_6)
FN:66,(anonymous_7)
FN:73,(anonymous_8)
FN:91,(anonymous_9)
FN:93,(anonymous_10)
FN:96,(anonymous_11)
FN:116,(anonymous_12)
FN:125,(anonymous_13)
FN:133,(anonymous_14)
FN:148,(anonymous_15)
FN:151,(anonymous_16)
FN:152,(anonymous_17)
FN:153,(anonymous_18)
FN:153,(anonymous_19)
FNF:20
FNH:10
FNDA:8,(anonymous_0)
FNDA:0,(anonymous_1)
FNDA:0,(anonymous_2)
FNDA:3,(anonymous_3)
FNDA:0,(anonymous_4)
FNDA:0,(anonymous_5)
FNDA:0,(anonymous_6)
FNDA:0,(anonymous_7)
FNDA:0,(anonymous_8)
FNDA:8,(anonymous_9)
FNDA:1,(anonymous_10)
FNDA:0,(anonymous_11)
FNDA:8,(anonymous_12)
FNDA:8,(anonymous_13)
FNDA:24,(anonymous_14)
FNDA:8,(anonymous_15)
FNDA:3,(anonymous_16)
FNDA:3,(anonymous_17)
FNDA:0,(anonymous_18)
FNDA:0,(anonymous_19)
DA:11,2
DA:12,8
DA:15,0
DA:19,0
DA:32,2
DA:38,3
DA:40,3
DA:41,3
DA:42,0
DA:43,0
DA:44,0
DA:47,3
DA:49,0
DA:61,0
DA:66,0
DA:74,0
DA:91,2
DA:92,8
DA:93,8
DA:94,1
DA:96,8
DA:97,0
DA:100,8
DA:116,2
DA:117,8
DA:125,2
DA:126,8
DA:134,24
DA:148,2
DA:149,8
DA:150,8
DA:151,8
DA:152,3
DA:153,3
DA:156,8
LF:35
LH:25
BRDA:40,0,0,3
BRDA:40,0,1,0
BRDA:40,0,2,0
BRDA:40,0,3,0
BRDA:43,1,0,0
BRDA:43,1,1,0
BRDA:77,2,0,3
BRDA:77,2,1,0
BRDA:94,3,0,1
BRDA:94,3,1,0
BRDA:97,4,0,0
BRDA:97,4,1,0
BRF:12
BRH:3
end_of_record
TN:
SF:src/Containers/Login/Login.Container.jsx
FN:19,LoginContainer
FN:22,(anonymous_1)
FN:23,(anonymous_2)
FN:24,(anonymous_3)
FN:27,(anonymous_4)
FN:28,(anonymous_5)
FN:37,setRegisterChange
FN:38,(anonymous_7)
FN:44,(anonymous_8)
FN:46,(anonymous_9)
FN:48,(anonymous_10)
FN:61,(anonymous_11)
FN:72,validationRegister
FN:75,(anonymous_13)
FN:80,(anonymous_14)
FN:86,(anonymous_15)
FNF:16
FNH:0
FNDA:0,LoginContainer
FNDA:0,(anonymous_1)
FNDA:0,(anonymous_2)
FNDA:0,(anonymous_3)
FNDA:0,(anonymous_4)
FNDA:0,(anonymous_5)
FNDA:0,setRegisterChange
FNDA:0,(anonymous_7)
FNDA:0,(anonymous_8)
FNDA:0,(anonymous_9)
FNDA:0,(anonymous_10)
FNDA:0,(anonymous_11)
FNDA:0,validationRegister
FNDA:0,(anonymous_13)
FNDA:0,(anonymous_14)
FNDA:0,(anonymous_15)
DA:8,1
DA:20,0
DA:21,0
DA:22,0
DA:23,0
DA:24,0
DA:27,0
DA:28,0
DA:29,0
DA:30,0
DA:34,0
DA:38,0
DA:44,0
DA:45,0
DA:46,0
DA:47,0
DA:48,0
DA:52,0
DA:58,0
DA:61,0
DA:65,0
DA:68,0
DA:69,0
DA:73,0
DA:74,0
DA:75,0
DA:80,0
DA:86,0
DA:92,0
DA:99,0
LF:30
LH:1
BRDA:29,0,0,0
BRDA:29,0,1,0
BRDA:47,1,0,0
BRDA:47,1,1,0
BRDA:74,2,0,0
BRDA:74,2,1,0
BRF:6
BRH:0
end_of_record
TN:
SF:src/Containers/Login/Login.style.js
FNF:0
FNH:0
DA:5,2
LF:1
LH:1
BRF:0
BRH:0
end_of_record
TN:
SF:src/Containers/Login/LoginConfig.js
FNF:0
FNH:0
DA:1,2
LF:1
LH:1
BRF:0
BRH:0
end_of_record
TN:
SF:src/Containers/ProfileContainer/ProfileContainer.jsx
FN:9,(anonymous_0)
FN:22,ProfileContainer
FN:23,(anonymous_2)
FNF:3
FNH:2
FNDA:1,(anonymous_0)
FNDA:1,ProfileContainer
FNDA:0,(anonymous_2)
DA:9,1
DA:10,1
DA:23,1
DA:24,1
DA:26,1
LF:5
LH:5
BRF:0
BRH:0
end_of_record
TN:
SF:src/Containers/ProfileContainer/ProfileContainer.style.js
FNF:0
FNH:0
DA:5,1
LF:1
LH:1
BRF:0
BRH:0
end_of_record
TN:
SF:src/Containers/Registration/RegistrationContainer.jsx
FN:4,RegistrationContainer
FNF:1
FNH:0
FNDA:0,RegistrationContainer
DA:5,0
LF:1
LH:0
BRF:0
BRH:0
end_of_record
TN:
SF:src/Navigation/Screens/Screen.jsx
FN:32,(anonymous_0)
FN:35,(anonymous_1)
FN:47,(anonymous_2)
FN:49,(anonymous_3)
FNF:4
FNH:0
FNDA:0,(anonymous_0)
FNDA:0,(anonymous_1)
FNDA:0,(anonymous_2)
FNDA:0,(anonymous_3)
DA:8,1
DA:10,1
DA:21,1
DA:32,1
DA:33,0
DA:36,0
DA:47,1
DA:48,0
DA:50,0
LF:9
LH:5
BRF:0
BRH:0
end_of_record
TN:
SF:src/Redux/Features/Auth/AuthFeature.js
FN:13,(anonymous_0)
FN:17,(anonymous_1)
FNF:2
FNH:2
FNDA:1,(anonymous_0)
FNDA:1,(anonymous_1)
DA:3,3
DA:9,3
DA:14,1
DA:15,1
DA:17,1
DA:21,3
LF:6
LH:6
BRF:0
BRH:0
end_of_record
TN:
SF:src/Redux/Features/Notification/NotificationFeature.js
FN:16,(anonymous_0)
FN:25,(anonymous_1)
FNF:2
FNH:2
FNDA:2,(anonymous_0)
FNDA:1,(anonymous_1)
DA:4,2
DA:10,2
DA:12,2
DA:17,2
DA:18,2
DA:19,2
DA:21,2
DA:23,1
DA:25,1
DA:32,2
LF:10
LH:10
BRDA:21,0,0,1
BRDA:21,0,1,1
BRF:2
BRH:2
end_of_record
TN:
SF:src/Redux/Features/Users/Users.js
FN:9,(anonymous_0)
FNF:1
FNH:1
FNDA:1,(anonymous_0)
DA:3,2
DA:5,2
DA:10,1
DA:11,1
DA:16,2
LF:5
LH:5
BRF:0
BRH:0
end_of_record
TN:
SF:src/Utils/Constants/Constants.js
FNF:0
FNH:0
DA:3,13
LF:1
LH:1
BRF:0
BRH:0
end_of_record
TN:
SF:src/Utils/Interceptor/AxiosInterceptor.js
FN:8,(anonymous_0)
FN:12,(anonymous_1)
FN:21,(anonymous_2)
FN:26,(anonymous_3)
FNF:4
FNH:0
FNDA:0,(anonymous_0)
FNDA:0,(anonymous_1)
FNDA:0,(anonymous_2)
FNDA:0,(anonymous_3)
DA:5,2
DA:7,2
DA:10,0
DA:15,0
DA:20,2
DA:24,0
DA:29,0
LF:7
LH:3
BRF:0
BRH:0
end_of_record
TN:
SF:src/Utils/Scale/Scale.js
FN:4,(anonymous_0)
FN:12,(anonymous_1)
FN:19,(anonymous_2)
FN:27,(anonymous_3)
FNF:4
FNH:4
FNDA:34,(anonymous_0)
FNDA:64,(anonymous_1)
FNDA:28,(anonymous_2)
FNDA:39,(anonymous_3)
DA:4,12
DA:5,34
DA:6,34
DA:8,34
DA:12,12
DA:13,64
DA:14,64
DA:16,64
DA:19,12
DA:20,28
DA:21,28
DA:23,28
DA:24,28
DA:27,12
DA:28,39
DA:29,39
DA:31,39
LF:17
LH:17
BRF:0
BRH:0
end_of_record
